mode: set
github.com/aethelred/noblepay-gateway/internal/models/models.go:43.49,44.27 1 0
github.com/aethelred/noblepay-gateway/internal/models/models.go:44.27,46.3 1 0
github.com/aethelred/noblepay-gateway/internal/models/models.go:47.2,47.29 1 0
github.com/aethelred/noblepay-gateway/internal/models/models.go:47.29,49.3 1 0
github.com/aethelred/noblepay-gateway/internal/models/models.go:50.2,50.20 1 0
github.com/aethelred/noblepay-gateway/internal/models/models.go:50.20,52.3 1 0
github.com/aethelred/noblepay-gateway/internal/models/models.go:53.2,53.22 1 0
github.com/aethelred/noblepay-gateway/internal/models/models.go:53.22,55.3 1 0
github.com/aethelred/noblepay-gateway/internal/models/models.go:56.2,56.12 1 0
github.com/aethelred/noblepay-gateway/internal/handlers/health.go:16.40,18.2 1 0
github.com/aethelred/noblepay-gateway/internal/handlers/health.go:21.74,26.2 1 0
github.com/aethelred/noblepay-gateway/internal/handlers/health.go:29.75,34.2 1 0
github.com/aethelred/noblepay-gateway/internal/handlers/health.go:36.66,40.2 3 0
github.com/aethelred/noblepay-gateway/internal/handlers/middleware.go:12.72,13.46 1 0
github.com/aethelred/noblepay-gateway/internal/handlers/middleware.go:13.46,14.72 1 0
github.com/aethelred/noblepay-gateway/internal/handlers/middleware.go:14.72,24.4 4 0
github.com/aethelred/noblepay-gateway/internal/handlers/middleware.go:33.47,36.2 2 0
github.com/aethelred/noblepay-gateway/internal/handlers/middleware.go:39.64,40.46 1 0
github.com/aethelred/noblepay-gateway/internal/handlers/middleware.go:40.46,41.72 1 0
github.com/aethelred/noblepay-gateway/internal/handlers/middleware.go:41.72,42.20 1 0
github.com/aethelred/noblepay-gateway/internal/handlers/middleware.go:42.20,46.5 2 0
github.com/aethelred/noblepay-gateway/internal/handlers/middleware.go:47.4,48.21 2 0
github.com/aethelred/noblepay-gateway/internal/handlers/middleware.go:48.21,51.5 2 0
github.com/aethelred/noblepay-gateway/internal/handlers/middleware.go:52.4,52.24 1 0
github.com/aethelred/noblepay-gateway/internal/handlers/middleware.go:70.43,75.2 1 0
github.com/aethelred/noblepay-gateway/internal/handlers/middleware.go:78.67,79.71 1 0
github.com/aethelred/noblepay-gateway/internal/handlers/middleware.go:79.71,81.20 2 0
github.com/aethelred/noblepay-gateway/internal/handlers/middleware.go:81.20,84.4 2 0
github.com/aethelred/noblepay-gateway/internal/handlers/middleware.go:85.3,85.23 1 0
github.com/aethelred/noblepay-gateway/internal/handlers/middleware.go:89.46,96.9 5 0
github.com/aethelred/noblepay-gateway/internal/handlers/middleware.go:96.9,99.3 2 0
github.com/aethelred/noblepay-gateway/internal/handlers/middleware.go:102.2,102.41 1 0
github.com/aethelred/noblepay-gateway/internal/handlers/middleware.go:102.41,105.3 2 0
github.com/aethelred/noblepay-gateway/internal/handlers/middleware.go:107.2,107.19 1 0
github.com/aethelred/noblepay-gateway/internal/handlers/middleware.go:107.19,109.3 1 0
github.com/aethelred/noblepay-gateway/internal/handlers/middleware.go:111.2,112.13 2 0
github.com/aethelred/noblepay-gateway/internal/handlers/payments.go:21.70,23.2 1 0
github.com/aethelred/noblepay-gateway/internal/handlers/payments.go:26.74,28.61 2 0
github.com/aethelred/noblepay-gateway/internal/handlers/payments.go:28.61,31.3 2 0
github.com/aethelred/noblepay-gateway/internal/handlers/payments.go:33.2,34.16 2 0
github.com/aethelred/noblepay-gateway/internal/handlers/payments.go:34.16,36.89 1 0
github.com/aethelred/noblepay-gateway/internal/handlers/payments.go:36.89,39.4 2 0
github.com/aethelred/noblepay-gateway/internal/handlers/payments.go:40.3,41.9 2 0
github.com/aethelred/noblepay-gateway/internal/handlers/payments.go:44.2,44.43 1 0
github.com/aethelred/noblepay-gateway/internal/handlers/payments.go:48.75,50.14 2 0
github.com/aethelred/noblepay-gateway/internal/handlers/payments.go:50.14,53.3 2 0
github.com/aethelred/noblepay-gateway/internal/handlers/payments.go:55.2,56.16 2 0
github.com/aethelred/noblepay-gateway/internal/handlers/payments.go:56.16,57.48 1 0
github.com/aethelred/noblepay-gateway/internal/handlers/payments.go:57.48,60.4 2 0
github.com/aethelred/noblepay-gateway/internal/handlers/payments.go:61.3,62.9 2 0
github.com/aethelred/noblepay-gateway/internal/handlers/payments.go:65.2,65.38 1 0
github.com/aethelred/noblepay-gateway/internal/handlers/payments.go:69.72,74.16 4 0
github.com/aethelred/noblepay-gateway/internal/handlers/payments.go:74.16,77.3 2 0
github.com/aethelred/noblepay-gateway/internal/handlers/payments.go:79.2,79.39 1 0
github.com/aethelred/noblepay-gateway/internal/handlers/payments.go:83.74,85.14 2 0
github.com/aethelred/noblepay-gateway/internal/handlers/payments.go:85.14,88.3 2 0
github.com/aethelred/noblepay-gateway/internal/handlers/payments.go:90.2,91.16 2 0
github.com/aethelred/noblepay-gateway/internal/handlers/payments.go:91.16,92.48 1 0
github.com/aethelred/noblepay-gateway/internal/handlers/payments.go:92.48,95.4 2 0
github.com/aethelred/noblepay-gateway/internal/handlers/payments.go:96.3,96.47 1 0
github.com/aethelred/noblepay-gateway/internal/handlers/payments.go:96.47,99.4 2 0
github.com/aethelred/noblepay-gateway/internal/handlers/payments.go:100.3,101.9 2 0
github.com/aethelred/noblepay-gateway/internal/handlers/payments.go:104.2,104.38 1 0
github.com/aethelred/noblepay-gateway/internal/handlers/webhooks.go:21.137,27.2 1 0
github.com/aethelred/noblepay-gateway/internal/handlers/webhooks.go:30.79,32.61 2 0
github.com/aethelred/noblepay-gateway/internal/handlers/webhooks.go:32.61,35.3 2 0
github.com/aethelred/noblepay-gateway/internal/handlers/webhooks.go:37.2,37.40 1 0
github.com/aethelred/noblepay-gateway/internal/handlers/webhooks.go:37.40,40.3 2 0
github.com/aethelred/noblepay-gateway/internal/handlers/webhooks.go:43.2,50.71 2 0
github.com/aethelred/noblepay-gateway/internal/handlers/webhooks.go:50.71,54.3 3 0
github.com/aethelred/noblepay-gateway/internal/handlers/webhooks.go:57.2,57.25 1 0
github.com/aethelred/noblepay-gateway/internal/handlers/webhooks.go:57.25,58.80 1 0
github.com/aethelred/noblepay-gateway/internal/handlers/webhooks.go:58.80,60.4 1 0
github.com/aethelred/noblepay-gateway/internal/handlers/webhooks.go:63.2,63.70 1 0
github.com/aethelred/noblepay-gateway/internal/store/memory.go:21.36,26.2 1 0
github.com/aethelred/noblepay-gateway/internal/store/memory.go:28.80,34.2 5 0
github.com/aethelred/noblepay-gateway/internal/store/memory.go:36.86,40.9 4 0
github.com/aethelred/noblepay-gateway/internal/store/memory.go:40.9,42.3 1 0
github.com/aethelred/noblepay-gateway/internal/store/memory.go:43.2,43.15 1 0
github.com/aethelred/noblepay-gateway/internal/store/memory.go:46.93,51.21 4 0
github.com/aethelred/noblepay-gateway/internal/store/memory.go:51.21,53.3 1 0
github.com/aethelred/noblepay-gateway/internal/store/memory.go:54.2,55.17 2 0
github.com/aethelred/noblepay-gateway/internal/store/memory.go:55.17,57.3 1 0
github.com/aethelred/noblepay-gateway/internal/store/memory.go:59.2,60.41 2 0
github.com/aethelred/noblepay-gateway/internal/store/memory.go:60.41,62.3 1 0
github.com/aethelred/noblepay-gateway/internal/store/memory.go:63.2,63.20 1 0
github.com/aethelred/noblepay-gateway/internal/store/memory.go:66.80,69.42 3 0
github.com/aethelred/noblepay-gateway/internal/store/memory.go:69.42,71.3 1 0
github.com/aethelred/noblepay-gateway/internal/store/memory.go:72.2,73.12 2 0
github.com/aethelred/noblepay-gateway/internal/store/memory.go:76.89,81.2 4 0
github.com/aethelred/noblepay-gateway/internal/store/memory.go:83.114,87.2 3 0
github.com/aethelred/noblepay-gateway/cmd/gateway/main.go:16.13,28.12 7 0
github.com/aethelred/noblepay-gateway/cmd/gateway/main.go:28.12,37.51 7 0
github.com/aethelred/noblepay-gateway/cmd/gateway/main.go:37.51,39.4 1 0
github.com/aethelred/noblepay-gateway/cmd/gateway/main.go:40.3,40.11 1 0
github.com/aethelred/noblepay-gateway/cmd/gateway/main.go:43.2,43.70 1 0
github.com/aethelred/noblepay-gateway/cmd/gateway/main.go:43.70,45.3 1 0
github.com/aethelred/noblepay-gateway/cmd/gateway/main.go:47.2,47.31 1 0
github.com/aethelred/noblepay-gateway/pkg/crypto/hash.go:10.36,13.2 2 0
github.com/aethelred/noblepay-gateway/pkg/crypto/hash.go:16.45,20.2 3 0
github.com/aethelred/noblepay-gateway/pkg/crypto/hash.go:23.60,26.2 2 0
github.com/aethelred/noblepay-gateway/cmd/gateway/main.go:16.13,28.12 7 0
github.com/aethelred/noblepay-gateway/cmd/gateway/main.go:28.12,37.51 7 0
github.com/aethelred/noblepay-gateway/cmd/gateway/main.go:37.51,39.4 1 0
github.com/aethelred/noblepay-gateway/cmd/gateway/main.go:40.3,40.11 1 0
github.com/aethelred/noblepay-gateway/cmd/gateway/main.go:43.2,43.70 1 0
github.com/aethelred/noblepay-gateway/cmd/gateway/main.go:43.70,45.3 1 0
github.com/aethelred/noblepay-gateway/cmd/gateway/main.go:47.2,47.31 1 0
github.com/aethelred/noblepay-gateway/internal/config/config.go:20.21,29.2 1 1
github.com/aethelred/noblepay-gateway/internal/config/config.go:31.48,32.34 1 1
github.com/aethelred/noblepay-gateway/internal/config/config.go:32.34,34.3 1 1
github.com/aethelred/noblepay-gateway/internal/config/config.go:35.2,35.17 1 1
github.com/aethelred/noblepay-gateway/internal/config/config.go:38.52,39.34 1 1
github.com/aethelred/noblepay-gateway/internal/config/config.go:39.34,40.44 1 1
github.com/aethelred/noblepay-gateway/internal/config/config.go:40.44,42.4 1 1
github.com/aethelred/noblepay-gateway/internal/config/config.go:44.2,44.17 1 1
github.com/aethelred/noblepay-gateway/internal/handlers/health.go:16.40,18.2 1 0
github.com/aethelred/noblepay-gateway/internal/handlers/health.go:21.74,26.2 1 0
github.com/aethelred/noblepay-gateway/internal/handlers/health.go:29.75,34.2 1 0
github.com/aethelred/noblepay-gateway/internal/handlers/health.go:36.66,40.2 3 0
github.com/aethelred/noblepay-gateway/internal/handlers/middleware.go:12.72,13.46 1 0
github.com/aethelred/noblepay-gateway/internal/handlers/middleware.go:13.46,14.72 1 0
github.com/aethelred/noblepay-gateway/internal/handlers/middleware.go:14.72,24.4 4 0
github.com/aethelred/noblepay-gateway/internal/handlers/middleware.go:33.47,36.2 2 0
github.com/aethelred/noblepay-gateway/internal/handlers/middleware.go:39.64,40.46 1 0
github.com/aethelred/noblepay-gateway/internal/handlers/middleware.go:40.46,41.72 1 0
github.com/aethelred/noblepay-gateway/internal/handlers/middleware.go:41.72,42.20 1 0
github.com/aethelred/noblepay-gateway/internal/handlers/middleware.go:42.20,46.5 2 0
github.com/aethelred/noblepay-gateway/internal/handlers/middleware.go:47.4,48.21 2 0
github.com/aethelred/noblepay-gateway/internal/handlers/middleware.go:48.21,51.5 2 0
github.com/aethelred/noblepay-gateway/internal/handlers/middleware.go:52.4,52.24 1 0
github.com/aethelred/noblepay-gateway/internal/handlers/middleware.go:70.43,75.2 1 0
github.com/aethelred/noblepay-gateway/internal/handlers/middleware.go:78.67,79.71 1 0
github.com/aethelred/noblepay-gateway/internal/handlers/middleware.go:79.71,81.20 2 0
github.com/aethelred/noblepay-gateway/internal/handlers/middleware.go:81.20,84.4 2 0
github.com/aethelred/noblepay-gateway/internal/handlers/middleware.go:85.3,85.23 1 0
github.com/aethelred/noblepay-gateway/internal/handlers/middleware.go:89.46,96.9 5 0
github.com/aethelred/noblepay-gateway/internal/handlers/middleware.go:96.9,99.3 2 0
github.com/aethelred/noblepay-gateway/internal/handlers/middleware.go:102.2,102.41 1 0
github.com/aethelred/noblepay-gateway/internal/handlers/middleware.go:102.41,105.3 2 0
github.com/aethelred/noblepay-gateway/internal/handlers/middleware.go:107.2,107.19 1 0
github.com/aethelred/noblepay-gateway/internal/handlers/middleware.go:107.19,109.3 1 0
github.com/aethelred/noblepay-gateway/internal/handlers/middleware.go:111.2,112.13 2 0
github.com/aethelred/noblepay-gateway/internal/handlers/payments.go:21.70,23.2 1 0
github.com/aethelred/noblepay-gateway/internal/handlers/payments.go:26.74,28.61 2 0
github.com/aethelred/noblepay-gateway/internal/handlers/payments.go:28.61,31.3 2 0
github.com/aethelred/noblepay-gateway/internal/handlers/payments.go:33.2,34.16 2 0
github.com/aethelred/noblepay-gateway/internal/handlers/payments.go:34.16,36.89 1 0
github.com/aethelred/noblepay-gateway/internal/handlers/payments.go:36.89,39.4 2 0
github.com/aethelred/noblepay-gateway/internal/handlers/payments.go:40.3,41.9 2 0
github.com/aethelred/noblepay-gateway/internal/handlers/payments.go:44.2,44.43 1 0
github.com/aethelred/noblepay-gateway/internal/handlers/payments.go:48.75,50.14 2 0
github.com/aethelred/noblepay-gateway/internal/handlers/payments.go:50.14,53.3 2 0
github.com/aethelred/noblepay-gateway/internal/handlers/payments.go:55.2,56.16 2 0
github.com/aethelred/noblepay-gateway/internal/handlers/payments.go:56.16,57.48 1 0
github.com/aethelred/noblepay-gateway/internal/handlers/payments.go:57.48,60.4 2 0
github.com/aethelred/noblepay-gateway/internal/handlers/payments.go:61.3,62.9 2 0
github.com/aethelred/noblepay-gateway/internal/handlers/payments.go:65.2,65.38 1 0
github.com/aethelred/noblepay-gateway/internal/handlers/payments.go:69.72,74.16 4 0
github.com/aethelred/noblepay-gateway/internal/handlers/payments.go:74.16,77.3 2 0
github.com/aethelred/noblepay-gateway/internal/handlers/payments.go:79.2,79.39 1 0
github.com/aethelred/noblepay-gateway/internal/handlers/payments.go:83.74,85.14 2 0
github.com/aethelred/noblepay-gateway/internal/handlers/payments.go:85.14,88.3 2 0
github.com/aethelred/noblepay-gateway/internal/handlers/payments.go:90.2,91.16 2 0
github.com/aethelred/noblepay-gateway/internal/handlers/payments.go:91.16,92.48 1 0
github.com/aethelred/noblepay-gateway/internal/handlers/payments.go:92.48,95.4 2 0
github.com/aethelred/noblepay-gateway/internal/handlers/payments.go:96.3,96.47 1 0
github.com/aethelred/noblepay-gateway/internal/handlers/payments.go:96.47,99.4 2 0
github.com/aethelred/noblepay-gateway/internal/handlers/payments.go:100.3,101.9 2 0
github.com/aethelred/noblepay-gateway/internal/handlers/payments.go:104.2,104.38 1 0
github.com/aethelred/noblepay-gateway/internal/handlers/webhooks.go:21.137,27.2 1 0
github.com/aethelred/noblepay-gateway/internal/handlers/webhooks.go:30.79,32.61 2 0
github.com/aethelred/noblepay-gateway/internal/handlers/webhooks.go:32.61,35.3 2 0
github.com/aethelred/noblepay-gateway/internal/handlers/webhooks.go:37.2,37.40 1 0
github.com/aethelred/noblepay-gateway/internal/handlers/webhooks.go:37.40,40.3 2 0
github.com/aethelred/noblepay-gateway/internal/handlers/webhooks.go:43.2,50.71 2 0
github.com/aethelred/noblepay-gateway/internal/handlers/webhooks.go:50.71,54.3 3 0
github.com/aethelred/noblepay-gateway/internal/handlers/webhooks.go:57.2,57.25 1 0
github.com/aethelred/noblepay-gateway/internal/handlers/webhooks.go:57.25,58.80 1 0
github.com/aethelred/noblepay-gateway/internal/handlers/webhooks.go:58.80,60.4 1 0
github.com/aethelred/noblepay-gateway/internal/handlers/webhooks.go:63.2,63.70 1 0
github.com/aethelred/noblepay-gateway/internal/models/models.go:43.49,44.27 1 0
github.com/aethelred/noblepay-gateway/internal/models/models.go:44.27,46.3 1 0
github.com/aethelred/noblepay-gateway/internal/models/models.go:47.2,47.29 1 0
github.com/aethelred/noblepay-gateway/internal/models/models.go:47.29,49.3 1 0
github.com/aethelred/noblepay-gateway/internal/models/models.go:50.2,50.20 1 0
github.com/aethelred/noblepay-gateway/internal/models/models.go:50.20,52.3 1 0
github.com/aethelred/noblepay-gateway/internal/models/models.go:53.2,53.22 1 0
github.com/aethelred/noblepay-gateway/internal/models/models.go:53.22,55.3 1 0
github.com/aethelred/noblepay-gateway/internal/models/models.go:56.2,56.12 1 0
github.com/aethelred/noblepay-gateway/internal/server/server.go:26.58,53.40 15 0
github.com/aethelred/noblepay-gateway/internal/server/server.go:53.40,62.3 6 0
github.com/aethelred/noblepay-gateway/internal/server/server.go:64.2,75.3 1 0
github.com/aethelred/noblepay-gateway/internal/server/server.go:79.51,83.2 3 0
github.com/aethelred/noblepay-gateway/internal/server/server.go:86.54,89.2 2 0
github.com/aethelred/noblepay-gateway/internal/services/compliance.go:23.78,31.2 1 0
github.com/aethelred/noblepay-gateway/internal/services/compliance.go:40.122,48.16 3 0
github.com/aethelred/noblepay-gateway/internal/services/compliance.go:48.16,50.3 1 0
github.com/aethelred/noblepay-gateway/internal/services/compliance.go:52.2,54.16 3 0
github.com/aethelred/noblepay-gateway/internal/services/compliance.go:54.16,56.3 1 0
github.com/aethelred/noblepay-gateway/internal/services/compliance.go:57.2,60.16 3 0
github.com/aethelred/noblepay-gateway/internal/services/compliance.go:60.16,63.3 2 0
github.com/aethelred/noblepay-gateway/internal/services/compliance.go:64.2,66.38 2 0
github.com/aethelred/noblepay-gateway/internal/services/compliance.go:66.38,68.3 1 0
github.com/aethelred/noblepay-gateway/internal/services/compliance.go:70.2,71.67 2 0
github.com/aethelred/noblepay-gateway/internal/services/compliance.go:71.67,73.3 1 0
github.com/aethelred/noblepay-gateway/internal/services/compliance.go:75.2,80.21 2 0
github.com/aethelred/noblepay-gateway/internal/services/indexer.go:21.87,28.2 1 0
github.com/aethelred/noblepay-gateway/internal/services/indexer.go:32.57,35.2 2 0
github.com/aethelred/noblepay-gateway/internal/services/indexer.go:38.37,40.2 1 0
github.com/aethelred/noblepay-gateway/internal/services/indexer.go:42.55,46.6 3 0
github.com/aethelred/noblepay-gateway/internal/services/indexer.go:46.6,47.10 1 0
github.com/aethelred/noblepay-gateway/internal/services/indexer.go:48.21,50.10 2 0
github.com/aethelred/noblepay-gateway/internal/services/indexer.go:51.20,53.10 2 0
github.com/aethelred/noblepay-gateway/internal/services/indexer.go:54.19,56.55 1 0
github.com/aethelred/noblepay-gateway/internal/services/indexer.go:62.99,69.2 2 0
github.com/aethelred/noblepay-gateway/internal/services/indexer.go:72.114,74.2 1 0
github.com/aethelred/noblepay-gateway/internal/services/payment.go:22.102,28.2 1 0
github.com/aethelred/noblepay-gateway/internal/services/payment.go:31.114,32.39 1 0
github.com/aethelred/noblepay-gateway/internal/services/payment.go:32.39,34.3 1 0
github.com/aethelred/noblepay-gateway/internal/services/payment.go:37.2,38.16 2 0
github.com/aethelred/noblepay-gateway/internal/services/payment.go:38.16,40.3 1 0
github.com/aethelred/noblepay-gateway/internal/services/payment.go:42.2,55.54 2 0
github.com/aethelred/noblepay-gateway/internal/services/payment.go:55.54,57.3 1 0
github.com/aethelred/noblepay-gateway/internal/services/payment.go:59.2,65.21 2 0
github.com/aethelred/noblepay-gateway/internal/services/payment.go:69.92,71.2 1 0
github.com/aethelred/noblepay-gateway/internal/services/payment.go:74.99,75.16 1 0
github.com/aethelred/noblepay-gateway/internal/services/payment.go:75.16,77.3 1 0
github.com/aethelred/noblepay-gateway/internal/services/payment.go:78.2,78.17 1 0
github.com/aethelred/noblepay-gateway/internal/services/payment.go:78.17,80.3 1 0
github.com/aethelred/noblepay-gateway/internal/services/payment.go:81.2,81.16 1 0
github.com/aethelred/noblepay-gateway/internal/services/payment.go:81.16,83.3 1 0
github.com/aethelred/noblepay-gateway/internal/services/payment.go:84.2,84.42 1 0
github.com/aethelred/noblepay-gateway/internal/services/payment.go:88.91,90.16 2 0
github.com/aethelred/noblepay-gateway/internal/services/payment.go:90.16,92.3 1 0
github.com/aethelred/noblepay-gateway/internal/services/payment.go:94.2,94.51 1 0
github.com/aethelred/noblepay-gateway/internal/services/payment.go:94.51,96.3 1 0
github.com/aethelred/noblepay-gateway/internal/services/payment.go:98.2,101.54 3 0
github.com/aethelred/noblepay-gateway/internal/services/payment.go:101.54,103.3 1 0
github.com/aethelred/noblepay-gateway/internal/services/payment.go:105.2,106.21 2 0
github.com/aethelred/noblepay-gateway/internal/services/payment.go:109.26,113.2 3 0
github.com/aethelred/noblepay-gateway/internal/services/settlement.go:20.110,26.2 1 0
github.com/aethelred/noblepay-gateway/internal/services/settlement.go:29.113,31.16 2 0
github.com/aethelred/noblepay-gateway/internal/services/settlement.go:31.16,33.3 1 0
github.com/aethelred/noblepay-gateway/internal/services/settlement.go:35.2,36.16 2 0
github.com/aethelred/noblepay-gateway/internal/services/settlement.go:36.16,38.3 1 0
github.com/aethelred/noblepay-gateway/internal/services/settlement.go:40.2,45.29 2 0
github.com/aethelred/noblepay-gateway/internal/services/settlement.go:45.29,46.43 1 0
github.com/aethelred/noblepay-gateway/internal/services/settlement.go:46.43,50.9 4 0
github.com/aethelred/noblepay-gateway/internal/services/settlement.go:54.2,54.72 1 0
github.com/aethelred/noblepay-gateway/internal/services/settlement.go:54.72,60.3 2 0
github.com/aethelred/noblepay-gateway/internal/services/settlement.go:62.2,62.71 1 0
github.com/aethelred/noblepay-gateway/internal/services/settlement.go:62.71,67.62 4 0
github.com/aethelred/noblepay-gateway/internal/services/settlement.go:67.62,69.4 1 0
github.com/aethelred/noblepay-gateway/internal/services/settlement.go:72.2,72.20 1 0
github.com/aethelred/noblepay-gateway/internal/store/memory.go:21.36,26.2 1 0
github.com/aethelred/noblepay-gateway/internal/store/memory.go:28.80,34.2 5 0
github.com/aethelred/noblepay-gateway/internal/store/memory.go:36.86,40.9 4 0
github.com/aethelred/noblepay-gateway/internal/store/memory.go:40.9,42.3 1 0
github.com/aethelred/noblepay-gateway/internal/store/memory.go:43.2,43.15 1 0
github.com/aethelred/noblepay-gateway/internal/store/memory.go:46.93,51.21 4 0
github.com/aethelred/noblepay-gateway/internal/store/memory.go:51.21,53.3 1 0
github.com/aethelred/noblepay-gateway/internal/store/memory.go:54.2,55.17 2 0
github.com/aethelred/noblepay-gateway/internal/store/memory.go:55.17,57.3 1 0
github.com/aethelred/noblepay-gateway/internal/store/memory.go:59.2,60.41 2 0
github.com/aethelred/noblepay-gateway/internal/store/memory.go:60.41,62.3 1 0
github.com/aethelred/noblepay-gateway/internal/store/memory.go:63.2,63.20 1 0
github.com/aethelred/noblepay-gateway/internal/store/memory.go:66.80,69.42 3 0
github.com/aethelred/noblepay-gateway/internal/store/memory.go:69.42,71.3 1 0
github.com/aethelred/noblepay-gateway/internal/store/memory.go:72.2,73.12 2 0
github.com/aethelred/noblepay-gateway/internal/store/memory.go:76.89,81.2 4 0
github.com/aethelred/noblepay-gateway/internal/store/memory.go:83.114,87.2 3 0
github.com/aethelred/noblepay-gateway/pkg/crypto/hash.go:10.36,13.2 2 0
github.com/aethelred/noblepay-gateway/pkg/crypto/hash.go:16.45,20.2 3 0
github.com/aethelred/noblepay-gateway/pkg/crypto/hash.go:23.60,26.2 2 0
github.com/aethelred/noblepay-gateway/cmd/gateway/main.go:16.13,28.12 7 0
github.com/aethelred/noblepay-gateway/cmd/gateway/main.go:28.12,37.51 7 0
github.com/aethelred/noblepay-gateway/cmd/gateway/main.go:37.51,39.4 1 0
github.com/aethelred/noblepay-gateway/cmd/gateway/main.go:40.3,40.11 1 0
github.com/aethelred/noblepay-gateway/cmd/gateway/main.go:43.2,43.70 1 0
github.com/aethelred/noblepay-gateway/cmd/gateway/main.go:43.70,45.3 1 0
github.com/aethelred/noblepay-gateway/cmd/gateway/main.go:47.2,47.31 1 0
github.com/aethelred/noblepay-gateway/internal/config/config.go:20.21,29.2 1 0
github.com/aethelred/noblepay-gateway/internal/config/config.go:31.48,32.34 1 0
github.com/aethelred/noblepay-gateway/internal/config/config.go:32.34,34.3 1 0
github.com/aethelred/noblepay-gateway/internal/config/config.go:35.2,35.17 1 0
github.com/aethelred/noblepay-gateway/internal/config/config.go:38.52,39.34 1 0
github.com/aethelred/noblepay-gateway/internal/config/config.go:39.34,40.44 1 0
github.com/aethelred/noblepay-gateway/internal/config/config.go:40.44,42.4 1 0
github.com/aethelred/noblepay-gateway/internal/config/config.go:44.2,44.17 1 0
github.com/aethelred/noblepay-gateway/internal/handlers/health.go:16.40,18.2 1 0
github.com/aethelred/noblepay-gateway/internal/handlers/health.go:21.74,26.2 1 0
github.com/aethelred/noblepay-gateway/internal/handlers/health.go:29.75,34.2 1 0
github.com/aethelred/noblepay-gateway/internal/handlers/health.go:36.66,40.2 3 0
github.com/aethelred/noblepay-gateway/internal/handlers/middleware.go:12.72,13.46 1 0
github.com/aethelred/noblepay-gateway/internal/handlers/middleware.go:13.46,14.72 1 0
github.com/aethelred/noblepay-gateway/internal/handlers/middleware.go:14.72,24.4 4 0
github.com/aethelred/noblepay-gateway/internal/handlers/middleware.go:33.47,36.2 2 0
github.com/aethelred/noblepay-gateway/internal/handlers/middleware.go:39.64,40.46 1 0
github.com/aethelred/noblepay-gateway/internal/handlers/middleware.go:40.46,41.72 1 0
github.com/aethelred/noblepay-gateway/internal/handlers/middleware.go:41.72,42.20 1 0
github.com/aethelred/noblepay-gateway/internal/handlers/middleware.go:42.20,46.5 2 0
github.com/aethelred/noblepay-gateway/internal/handlers/middleware.go:47.4,48.21 2 0
github.com/aethelred/noblepay-gateway/internal/handlers/middleware.go:48.21,51.5 2 0
github.com/aethelred/noblepay-gateway/internal/handlers/middleware.go:52.4,52.24 1 0
github.com/aethelred/noblepay-gateway/internal/handlers/middleware.go:70.43,75.2 1 0
github.com/aethelred/noblepay-gateway/internal/handlers/middleware.go:78.67,79.71 1 0
github.com/aethelred/noblepay-gateway/internal/handlers/middleware.go:79.71,81.20 2 0
github.com/aethelred/noblepay-gateway/internal/handlers/middleware.go:81.20,84.4 2 0
github.com/aethelred/noblepay-gateway/internal/handlers/middleware.go:85.3,85.23 1 0
github.com/aethelred/noblepay-gateway/internal/handlers/middleware.go:89.46,96.9 5 0
github.com/aethelred/noblepay-gateway/internal/handlers/middleware.go:96.9,99.3 2 0
github.com/aethelred/noblepay-gateway/internal/handlers/middleware.go:102.2,102.41 1 0
github.com/aethelred/noblepay-gateway/internal/handlers/middleware.go:102.41,105.3 2 0
github.com/aethelred/noblepay-gateway/internal/handlers/middleware.go:107.2,107.19 1 0
github.com/aethelred/noblepay-gateway/internal/handlers/middleware.go:107.19,109.3 1 0
github.com/aethelred/noblepay-gateway/internal/handlers/middleware.go:111.2,112.13 2 0
github.com/aethelred/noblepay-gateway/internal/handlers/payments.go:21.70,23.2 1 0
github.com/aethelred/noblepay-gateway/internal/handlers/payments.go:26.74,28.61 2 0
github.com/aethelred/noblepay-gateway/internal/handlers/payments.go:28.61,31.3 2 0
github.com/aethelred/noblepay-gateway/internal/handlers/payments.go:33.2,34.16 2 0
github.com/aethelred/noblepay-gateway/internal/handlers/payments.go:34.16,36.89 1 0
github.com/aethelred/noblepay-gateway/internal/handlers/payments.go:36.89,39.4 2 0
github.com/aethelred/noblepay-gateway/internal/handlers/payments.go:40.3,41.9 2 0
github.com/aethelred/noblepay-gateway/internal/handlers/payments.go:44.2,44.43 1 0
github.com/aethelred/noblepay-gateway/internal/handlers/payments.go:48.75,50.14 2 0
github.com/aethelred/noblepay-gateway/internal/handlers/payments.go:50.14,53.3 2 0
github.com/aethelred/noblepay-gateway/internal/handlers/payments.go:55.2,56.16 2 0
github.com/aethelred/noblepay-gateway/internal/handlers/payments.go:56.16,57.48 1 0
github.com/aethelred/noblepay-gateway/internal/handlers/payments.go:57.48,60.4 2 0
github.com/aethelred/noblepay-gateway/internal/handlers/payments.go:61.3,62.9 2 0
github.com/aethelred/noblepay-gateway/internal/handlers/payments.go:65.2,65.38 1 0
github.com/aethelred/noblepay-gateway/internal/handlers/payments.go:69.72,74.16 4 0
github.com/aethelred/noblepay-gateway/internal/handlers/payments.go:74.16,77.3 2 0
github.com/aethelred/noblepay-gateway/internal/handlers/payments.go:79.2,79.39 1 0
github.com/aethelred/noblepay-gateway/internal/handlers/payments.go:83.74,85.14 2 0
github.com/aethelred/noblepay-gateway/internal/handlers/payments.go:85.14,88.3 2 0
github.com/aethelred/noblepay-gateway/internal/handlers/payments.go:90.2,91.16 2 0
github.com/aethelred/noblepay-gateway/internal/handlers/payments.go:91.16,92.48 1 0
github.com/aethelred/noblepay-gateway/internal/handlers/payments.go:92.48,95.4 2 0
github.com/aethelred/noblepay-gateway/internal/handlers/payments.go:96.3,96.47 1 0
github.com/aethelred/noblepay-gateway/internal/handlers/payments.go:96.47,99.4 2 0
github.com/aethelred/noblepay-gateway/internal/handlers/payments.go:100.3,101.9 2 0
github.com/aethelred/noblepay-gateway/internal/handlers/payments.go:104.2,104.38 1 0
github.com/aethelred/noblepay-gateway/internal/handlers/webhooks.go:21.137,27.2 1 0
github.com/aethelred/noblepay-gateway/internal/handlers/webhooks.go:30.79,32.61 2 0
github.com/aethelred/noblepay-gateway/internal/handlers/webhooks.go:32.61,35.3 2 0
github.com/aethelred/noblepay-gateway/internal/handlers/webhooks.go:37.2,37.40 1 0
github.com/aethelred/noblepay-gateway/internal/handlers/webhooks.go:37.40,40.3 2 0
github.com/aethelred/noblepay-gateway/internal/handlers/webhooks.go:43.2,50.71 2 0
github.com/aethelred/noblepay-gateway/internal/handlers/webhooks.go:50.71,54.3 3 0
github.com/aethelred/noblepay-gateway/internal/handlers/webhooks.go:57.2,57.25 1 0
github.com/aethelred/noblepay-gateway/internal/handlers/webhooks.go:57.25,58.80 1 0
github.com/aethelred/noblepay-gateway/internal/handlers/webhooks.go:58.80,60.4 1 0
github.com/aethelred/noblepay-gateway/internal/handlers/webhooks.go:63.2,63.70 1 0
github.com/aethelred/noblepay-gateway/internal/models/models.go:43.49,44.27 1 0
github.com/aethelred/noblepay-gateway/internal/models/models.go:44.27,46.3 1 0
github.com/aethelred/noblepay-gateway/internal/models/models.go:47.2,47.29 1 0
github.com/aethelred/noblepay-gateway/internal/models/models.go:47.29,49.3 1 0
github.com/aethelred/noblepay-gateway/internal/models/models.go:50.2,50.20 1 0
github.com/aethelred/noblepay-gateway/internal/models/models.go:50.20,52.3 1 0
github.com/aethelred/noblepay-gateway/internal/models/models.go:53.2,53.22 1 0
github.com/aethelred/noblepay-gateway/internal/models/models.go:53.22,55.3 1 0
github.com/aethelred/noblepay-gateway/internal/models/models.go:56.2,56.12 1 0
github.com/aethelred/noblepay-gateway/internal/server/server.go:26.58,53.40 15 0
github.com/aethelred/noblepay-gateway/internal/server/server.go:53.40,62.3 6 0
github.com/aethelred/noblepay-gateway/internal/server/server.go:64.2,75.3 1 0
github.com/aethelred/noblepay-gateway/internal/server/server.go:79.51,83.2 3 0
github.com/aethelred/noblepay-gateway/internal/server/server.go:86.54,89.2 2 0
github.com/aethelred/noblepay-gateway/internal/services/compliance.go:23.78,31.2 1 1
github.com/aethelred/noblepay-gateway/internal/services/compliance.go:40.122,48.16 3 1
github.com/aethelred/noblepay-gateway/internal/services/compliance.go:48.16,50.3 1 0
github.com/aethelred/noblepay-gateway/internal/services/compliance.go:52.2,54.16 3 1
github.com/aethelred/noblepay-gateway/internal/services/compliance.go:54.16,56.3 1 1
github.com/aethelred/noblepay-gateway/internal/services/compliance.go:57.2,60.16 3 0
github.com/aethelred/noblepay-gateway/internal/services/compliance.go:60.16,63.3 2 0
github.com/aethelred/noblepay-gateway/internal/services/compliance.go:64.2,66.38 2 0
github.com/aethelred/noblepay-gateway/internal/services/compliance.go:66.38,68.3 1 0
github.com/aethelred/noblepay-gateway/internal/services/compliance.go:70.2,71.67 2 0
github.com/aethelred/noblepay-gateway/internal/services/compliance.go:71.67,73.3 1 0
github.com/aethelred/noblepay-gateway/internal/services/compliance.go:75.2,80.21 2 0
github.com/aethelred/noblepay-gateway/internal/services/indexer.go:21.87,28.2 1 1
github.com/aethelred/noblepay-gateway/internal/services/indexer.go:32.57,35.2 2 1
github.com/aethelred/noblepay-gateway/internal/services/indexer.go:38.37,40.2 1 1
github.com/aethelred/noblepay-gateway/internal/services/indexer.go:42.55,46.6 3 1
github.com/aethelred/noblepay-gateway/internal/services/indexer.go:46.6,47.10 1 1
github.com/aethelred/noblepay-gateway/internal/services/indexer.go:48.21,50.10 2 1
github.com/aethelred/noblepay-gateway/internal/services/indexer.go:51.20,53.10 2 1
github.com/aethelred/noblepay-gateway/internal/services/indexer.go:54.19,56.55 1 1
github.com/aethelred/noblepay-gateway/internal/services/indexer.go:62.99,69.2 2 0
github.com/aethelred/noblepay-gateway/internal/services/indexer.go:72.114,74.2 1 0
github.com/aethelred/noblepay-gateway/internal/services/payment.go:22.102,28.2 1 0
github.com/aethelred/noblepay-gateway/internal/services/payment.go:31.114,32.39 1 0
github.com/aethelred/noblepay-gateway/internal/services/payment.go:32.39,34.3 1 0
github.com/aethelred/noblepay-gateway/internal/services/payment.go:37.2,38.16 2 0
github.com/aethelred/noblepay-gateway/internal/services/payment.go:38.16,40.3 1 0
github.com/aethelred/noblepay-gateway/internal/services/payment.go:42.2,55.54 2 0
github.com/aethelred/noblepay-gateway/internal/services/payment.go:55.54,57.3 1 0
github.com/aethelred/noblepay-gateway/internal/services/payment.go:59.2,65.21 2 0
github.com/aethelred/noblepay-gateway/internal/services/payment.go:69.92,71.2 1 0
github.com/aethelred/noblepay-gateway/internal/services/payment.go:74.99,75.16 1 0
github.com/aethelred/noblepay-gateway/internal/services/payment.go:75.16,77.3 1 0
github.com/aethelred/noblepay-gateway/internal/services/payment.go:78.2,78.17 1 0
github.com/aethelred/noblepay-gateway/internal/services/payment.go:78.17,80.3 1 0
github.com/aethelred/noblepay-gateway/internal/services/payment.go:81.2,81.16 1 0
github.com/aethelred/noblepay-gateway/internal/services/payment.go:81.16,83.3 1 0
github.com/aethelred/noblepay-gateway/internal/services/payment.go:84.2,84.42 1 0
github.com/aethelred/noblepay-gateway/internal/services/payment.go:88.91,90.16 2 0
github.com/aethelred/noblepay-gateway/internal/services/payment.go:90.16,92.3 1 0
github.com/aethelred/noblepay-gateway/internal/services/payment.go:94.2,94.51 1 0
github.com/aethelred/noblepay-gateway/internal/services/payment.go:94.51,96.3 1 0
github.com/aethelred/noblepay-gateway/internal/services/payment.go:98.2,101.54 3 0
github.com/aethelred/noblepay-gateway/internal/services/payment.go:101.54,103.3 1 0
github.com/aethelred/noblepay-gateway/internal/services/payment.go:105.2,106.21 2 0
github.com/aethelred/noblepay-gateway/internal/services/payment.go:109.26,113.2 3 0
github.com/aethelred/noblepay-gateway/internal/services/settlement.go:20.110,26.2 1 0
github.com/aethelred/noblepay-gateway/internal/services/settlement.go:29.113,31.16 2 0
github.com/aethelred/noblepay-gateway/internal/services/settlement.go:31.16,33.3 1 0
github.com/aethelred/noblepay-gateway/internal/services/settlement.go:35.2,36.16 2 0
github.com/aethelred/noblepay-gateway/internal/services/settlement.go:36.16,38.3 1 0
github.com/aethelred/noblepay-gateway/internal/services/settlement.go:40.2,45.29 2 0
github.com/aethelred/noblepay-gateway/internal/services/settlement.go:45.29,46.43 1 0
github.com/aethelred/noblepay-gateway/internal/services/settlement.go:46.43,50.9 4 0
github.com/aethelred/noblepay-gateway/internal/services/settlement.go:54.2,54.72 1 0
github.com/aethelred/noblepay-gateway/internal/services/settlement.go:54.72,60.3 2 0
github.com/aethelred/noblepay-gateway/internal/services/settlement.go:62.2,62.71 1 0
github.com/aethelred/noblepay-gateway/internal/services/settlement.go:62.71,67.62 4 0
github.com/aethelred/noblepay-gateway/internal/services/settlement.go:67.62,69.4 1 0
github.com/aethelred/noblepay-gateway/internal/services/settlement.go:72.2,72.20 1 0
github.com/aethelred/noblepay-gateway/internal/store/memory.go:21.36,26.2 1 1
github.com/aethelred/noblepay-gateway/internal/store/memory.go:28.80,34.2 5 0
github.com/aethelred/noblepay-gateway/internal/store/memory.go:36.86,40.9 4 0
github.com/aethelred/noblepay-gateway/internal/store/memory.go:40.9,42.3 1 0
github.com/aethelred/noblepay-gateway/internal/store/memory.go:43.2,43.15 1 0
github.com/aethelred/noblepay-gateway/internal/store/memory.go:46.93,51.21 4 0
github.com/aethelred/noblepay-gateway/internal/store/memory.go:51.21,53.3 1 0
github.com/aethelred/noblepay-gateway/internal/store/memory.go:54.2,55.17 2 0
github.com/aethelred/noblepay-gateway/internal/store/memory.go:55.17,57.3 1 0
github.com/aethelred/noblepay-gateway/internal/store/memory.go:59.2,60.41 2 0
github.com/aethelred/noblepay-gateway/internal/store/memory.go:60.41,62.3 1 0
github.com/aethelred/noblepay-gateway/internal/store/memory.go:63.2,63.20 1 0
github.com/aethelred/noblepay-gateway/internal/store/memory.go:66.80,69.42 3 0
github.com/aethelred/noblepay-gateway/internal/store/memory.go:69.42,71.3 1 0
github.com/aethelred/noblepay-gateway/internal/store/memory.go:72.2,73.12 2 0
github.com/aethelred/noblepay-gateway/internal/store/memory.go:76.89,81.2 4 0
github.com/aethelred/noblepay-gateway/internal/store/memory.go:83.114,87.2 3 0
github.com/aethelred/noblepay-gateway/pkg/crypto/hash.go:10.36,13.2 2 0
github.com/aethelred/noblepay-gateway/pkg/crypto/hash.go:16.45,20.2 3 0
github.com/aethelred/noblepay-gateway/pkg/crypto/hash.go:23.60,26.2 2 0
github.com/aethelred/noblepay-gateway/cmd/gateway/main.go:16.13,28.12 7 0
github.com/aethelred/noblepay-gateway/cmd/gateway/main.go:28.12,37.51 7 0
github.com/aethelred/noblepay-gateway/cmd/gateway/main.go:37.51,39.4 1 0
github.com/aethelred/noblepay-gateway/cmd/gateway/main.go:40.3,40.11 1 0
github.com/aethelred/noblepay-gateway/cmd/gateway/main.go:43.2,43.70 1 0
github.com/aethelred/noblepay-gateway/cmd/gateway/main.go:43.70,45.3 1 0
github.com/aethelred/noblepay-gateway/cmd/gateway/main.go:47.2,47.31 1 0
github.com/aethelred/noblepay-gateway/internal/config/config.go:20.21,29.2 1 0
github.com/aethelred/noblepay-gateway/internal/config/config.go:31.48,32.34 1 0
github.com/aethelred/noblepay-gateway/internal/config/config.go:32.34,34.3 1 0
github.com/aethelred/noblepay-gateway/internal/config/config.go:35.2,35.17 1 0
github.com/aethelred/noblepay-gateway/internal/config/config.go:38.52,39.34 1 0
github.com/aethelred/noblepay-gateway/internal/config/config.go:39.34,40.44 1 0
github.com/aethelred/noblepay-gateway/internal/config/config.go:40.44,42.4 1 0
github.com/aethelred/noblepay-gateway/internal/config/config.go:44.2,44.17 1 0
github.com/aethelred/noblepay-gateway/internal/handlers/health.go:16.40,18.2 1 1
github.com/aethelred/noblepay-gateway/internal/handlers/health.go:21.74,26.2 1 0
github.com/aethelred/noblepay-gateway/internal/handlers/health.go:29.75,34.2 1 0
github.com/aethelred/noblepay-gateway/internal/handlers/health.go:36.66,40.2 3 0
github.com/aethelred/noblepay-gateway/internal/handlers/middleware.go:12.72,13.46 1 1
github.com/aethelred/noblepay-gateway/internal/handlers/middleware.go:13.46,14.72 1 1
github.com/aethelred/noblepay-gateway/internal/handlers/middleware.go:14.72,24.4 4 0
github.com/aethelred/noblepay-gateway/internal/handlers/middleware.go:33.47,36.2 2 0
github.com/aethelred/noblepay-gateway/internal/handlers/middleware.go:39.64,40.46 1 1
github.com/aethelred/noblepay-gateway/internal/handlers/middleware.go:40.46,41.72 1 1
github.com/aethelred/noblepay-gateway/internal/handlers/middleware.go:41.72,42.20 1 0
github.com/aethelred/noblepay-gateway/internal/handlers/middleware.go:42.20,46.5 2 0
github.com/aethelred/noblepay-gateway/internal/handlers/middleware.go:47.4,48.21 2 0
github.com/aethelred/noblepay-gateway/internal/handlers/middleware.go:48.21,51.5 2 0
github.com/aethelred/noblepay-gateway/internal/handlers/middleware.go:52.4,52.24 1 0
github.com/aethelred/noblepay-gateway/internal/handlers/middleware.go:70.43,75.2 1 1
github.com/aethelred/noblepay-gateway/internal/handlers/middleware.go:78.67,79.71 1 1
github.com/aethelred/noblepay-gateway/internal/handlers/middleware.go:79.71,81.20 2 0
github.com/aethelred/noblepay-gateway/internal/handlers/middleware.go:81.20,84.4 2 0
github.com/aethelred/noblepay-gateway/internal/handlers/middleware.go:85.3,85.23 1 0
github.com/aethelred/noblepay-gateway/internal/handlers/middleware.go:89.46,96.9 5 0
github.com/aethelred/noblepay-gateway/internal/handlers/middleware.go:96.9,99.3 2 0
github.com/aethelred/noblepay-gateway/internal/handlers/middleware.go:102.2,102.41 1 0
github.com/aethelred/noblepay-gateway/internal/handlers/middleware.go:102.41,105.3 2 0
github.com/aethelred/noblepay-gateway/internal/handlers/middleware.go:107.2,107.19 1 0
github.com/aethelred/noblepay-gateway/internal/handlers/middleware.go:107.19,109.3 1 0
github.com/aethelred/noblepay-gateway/internal/handlers/middleware.go:111.2,112.13 2 0
github.com/aethelred/noblepay-gateway/internal/handlers/payments.go:21.70,23.2 1 1
github.com/aethelred/noblepay-gateway/internal/handlers/payments.go:26.74,28.61 2 0
github.com/aethelred/noblepay-gateway/internal/handlers/payments.go:28.61,31.3 2 0
github.com/aethelred/noblepay-gateway/internal/handlers/payments.go:33.2,34.16 2 0
github.com/aethelred/noblepay-gateway/internal/handlers/payments.go:34.16,36.89 1 0
github.com/aethelred/noblepay-gateway/internal/handlers/payments.go:36.89,39.4 2 0
github.com/aethelred/noblepay-gateway/internal/handlers/payments.go:40.3,41.9 2 0
github.com/aethelred/noblepay-gateway/internal/handlers/payments.go:44.2,44.43 1 0
github.com/aethelred/noblepay-gateway/internal/handlers/payments.go:48.75,50.14 2 0
github.com/aethelred/noblepay-gateway/internal/handlers/payments.go:50.14,53.3 2 0
github.com/aethelred/noblepay-gateway/internal/handlers/payments.go:55.2,56.16 2 0
github.com/aethelred/noblepay-gateway/internal/handlers/payments.go:56.16,57.48 1 0
github.com/aethelred/noblepay-gateway/internal/handlers/payments.go:57.48,60.4 2 0
github.com/aethelred/noblepay-gateway/internal/handlers/payments.go:61.3,62.9 2 0
github.com/aethelred/noblepay-gateway/internal/handlers/payments.go:65.2,65.38 1 0
github.com/aethelred/noblepay-gateway/internal/handlers/payments.go:69.72,74.16 4 0
github.com/aethelred/noblepay-gateway/internal/handlers/payments.go:74.16,77.3 2 0
github.com/aethelred/noblepay-gateway/internal/handlers/payments.go:79.2,79.39 1 0
github.com/aethelred/noblepay-gateway/internal/handlers/payments.go:83.74,85.14 2 0
github.com/aethelred/noblepay-gateway/internal/handlers/payments.go:85.14,88.3 2 0
github.com/aethelred/noblepay-gateway/internal/handlers/payments.go:90.2,91.16 2 0
github.com/aethelred/noblepay-gateway/internal/handlers/payments.go:91.16,92.48 1 0
github.com/aethelred/noblepay-gateway/internal/handlers/payments.go:92.48,95.4 2 0
github.com/aethelred/noblepay-gateway/internal/handlers/payments.go:96.3,96.47 1 0
github.com/aethelred/noblepay-gateway/internal/handlers/payments.go:96.47,99.4 2 0
github.com/aethelred/noblepay-gateway/internal/handlers/payments.go:100.3,101.9 2 0
github.com/aethelred/noblepay-gateway/internal/handlers/payments.go:104.2,104.38 1 0
github.com/aethelred/noblepay-gateway/internal/handlers/webhooks.go:21.137,27.2 1 1
github.com/aethelred/noblepay-gateway/internal/handlers/webhooks.go:30.79,32.61 2 0
github.com/aethelred/noblepay-gateway/internal/handlers/webhooks.go:32.61,35.3 2 0
github.com/aethelred/noblepay-gateway/internal/handlers/webhooks.go:37.2,37.40 1 0
github.com/aethelred/noblepay-gateway/internal/handlers/webhooks.go:37.40,40.3 2 0
github.com/aethelred/noblepay-gateway/internal/handlers/webhooks.go:43.2,50.71 2 0
github.com/aethelred/noblepay-gateway/internal/handlers/webhooks.go:50.71,54.3 3 0
github.com/aethelred/noblepay-gateway/internal/handlers/webhooks.go:57.2,57.25 1 0
github.com/aethelred/noblepay-gateway/internal/handlers/webhooks.go:57.25,58.80 1 0
github.com/aethelred/noblepay-gateway/internal/handlers/webhooks.go:58.80,60.4 1 0
github.com/aethelred/noblepay-gateway/internal/handlers/webhooks.go:63.2,63.70 1 0
github.com/aethelred/noblepay-gateway/internal/models/models.go:43.49,44.27 1 0
github.com/aethelred/noblepay-gateway/internal/models/models.go:44.27,46.3 1 0
github.com/aethelred/noblepay-gateway/internal/models/models.go:47.2,47.29 1 0
github.com/aethelred/noblepay-gateway/internal/models/models.go:47.29,49.3 1 0
github.com/aethelred/noblepay-gateway/internal/models/models.go:50.2,50.20 1 0
github.com/aethelred/noblepay-gateway/internal/models/models.go:50.20,52.3 1 0
github.com/aethelred/noblepay-gateway/internal/models/models.go:53.2,53.22 1 0
github.com/aethelred/noblepay-gateway/internal/models/models.go:53.22,55.3 1 0
github.com/aethelred/noblepay-gateway/internal/models/models.go:56.2,56.12 1 0
github.com/aethelred/noblepay-gateway/internal/server/server.go:26.58,53.40 15 1
github.com/aethelred/noblepay-gateway/internal/server/server.go:53.40,62.3 6 1
github.com/aethelred/noblepay-gateway/internal/server/server.go:64.2,75.3 1 1
github.com/aethelred/noblepay-gateway/internal/server/server.go:79.51,83.2 3 1
github.com/aethelred/noblepay-gateway/internal/server/server.go:86.54,89.2 2 1
github.com/aethelred/noblepay-gateway/internal/services/compliance.go:23.78,31.2 1 1
github.com/aethelred/noblepay-gateway/internal/services/compliance.go:40.122,48.16 3 0
github.com/aethelred/noblepay-gateway/internal/services/compliance.go:48.16,50.3 1 0
github.com/aethelred/noblepay-gateway/internal/services/compliance.go:52.2,54.16 3 0
github.com/aethelred/noblepay-gateway/internal/services/compliance.go:54.16,56.3 1 0
github.com/aethelred/noblepay-gateway/internal/services/compliance.go:57.2,60.16 3 0
github.com/aethelred/noblepay-gateway/internal/services/compliance.go:60.16,63.3 2 0
github.com/aethelred/noblepay-gateway/internal/services/compliance.go:64.2,66.38 2 0
github.com/aethelred/noblepay-gateway/internal/services/compliance.go:66.38,68.3 1 0
github.com/aethelred/noblepay-gateway/internal/services/compliance.go:70.2,71.67 2 0
github.com/aethelred/noblepay-gateway/internal/services/compliance.go:71.67,73.3 1 0
github.com/aethelred/noblepay-gateway/internal/services/compliance.go:75.2,80.21 2 0
github.com/aethelred/noblepay-gateway/internal/services/indexer.go:21.87,28.2 1 1
github.com/aethelred/noblepay-gateway/internal/services/indexer.go:32.57,35.2 2 1
github.com/aethelred/noblepay-gateway/internal/services/indexer.go:38.37,40.2 1 1
github.com/aethelred/noblepay-gateway/internal/services/indexer.go:42.55,46.6 3 1
github.com/aethelred/noblepay-gateway/internal/services/indexer.go:46.6,47.10 1 1
github.com/aethelred/noblepay-gateway/internal/services/indexer.go:48.21,50.10 2 0
github.com/aethelred/noblepay-gateway/internal/services/indexer.go:51.20,53.10 2 1
github.com/aethelred/noblepay-gateway/internal/services/indexer.go:54.19,56.55 1 0
github.com/aethelred/noblepay-gateway/internal/services/indexer.go:62.99,69.2 2 0
github.com/aethelred/noblepay-gateway/internal/services/indexer.go:72.114,74.2 1 0
github.com/aethelred/noblepay-gateway/internal/services/payment.go:22.102,28.2 1 1
github.com/aethelred/noblepay-gateway/internal/services/payment.go:31.114,32.39 1 0
github.com/aethelred/noblepay-gateway/internal/services/payment.go:32.39,34.3 1 0
github.com/aethelred/noblepay-gateway/internal/services/payment.go:37.2,38.16 2 0
github.com/aethelred/noblepay-gateway/internal/services/payment.go:38.16,40.3 1 0
github.com/aethelred/noblepay-gateway/internal/services/payment.go:42.2,55.54 2 0
github.com/aethelred/noblepay-gateway/internal/services/payment.go:55.54,57.3 1 0
github.com/aethelred/noblepay-gateway/internal/services/payment.go:59.2,65.21 2 0
github.com/aethelred/noblepay-gateway/internal/services/payment.go:69.92,71.2 1 0
github.com/aethelred/noblepay-gateway/internal/services/payment.go:74.99,75.16 1 0
github.com/aethelred/noblepay-gateway/internal/services/payment.go:75.16,77.3 1 0
github.com/aethelred/noblepay-gateway/internal/services/payment.go:78.2,78.17 1 0
github.com/aethelred/noblepay-gateway/internal/services/payment.go:78.17,80.3 1 0
github.com/aethelred/noblepay-gateway/internal/services/payment.go:81.2,81.16 1 0
github.com/aethelred/noblepay-gateway/internal/services/payment.go:81.16,83.3 1 0
github.com/aethelred/noblepay-gateway/internal/services/payment.go:84.2,84.42 1 0
github.com/aethelred/noblepay-gateway/internal/services/payment.go:88.91,90.16 2 0
github.com/aethelred/noblepay-gateway/internal/services/payment.go:90.16,92.3 1 0
github.com/aethelred/noblepay-gateway/internal/services/payment.go:94.2,94.51 1 0
github.com/aethelred/noblepay-gateway/internal/services/payment.go:94.51,96.3 1 0
github.com/aethelred/noblepay-gateway/internal/services/payment.go:98.2,101.54 3 0
github.com/aethelred/noblepay-gateway/internal/services/payment.go:101.54,103.3 1 0
github.com/aethelred/noblepay-gateway/internal/services/payment.go:105.2,106.21 2 0
github.com/aethelred/noblepay-gateway/internal/services/payment.go:109.26,113.2 3 0
github.com/aethelred/noblepay-gateway/internal/services/settlement.go:20.110,26.2 1 1
github.com/aethelred/noblepay-gateway/internal/services/settlement.go:29.113,31.16 2 0
github.com/aethelred/noblepay-gateway/internal/services/settlement.go:31.16,33.3 1 0
github.com/aethelred/noblepay-gateway/internal/services/settlement.go:35.2,36.16 2 0
github.com/aethelred/noblepay-gateway/internal/services/settlement.go:36.16,38.3 1 0
github.com/aethelred/noblepay-gateway/internal/services/settlement.go:40.2,45.29 2 0
github.com/aethelred/noblepay-gateway/internal/services/settlement.go:45.29,46.43 1 0
github.com/aethelred/noblepay-gateway/internal/services/settlement.go:46.43,50.9 4 0
github.com/aethelred/noblepay-gateway/internal/services/settlement.go:54.2,54.72 1 0
github.com/aethelred/noblepay-gateway/internal/services/settlement.go:54.72,60.3 2 0
github.com/aethelred/noblepay-gateway/internal/services/settlement.go:62.2,62.71 1 0
github.com/aethelred/noblepay-gateway/internal/services/settlement.go:62.71,67.62 4 0
github.com/aethelred/noblepay-gateway/internal/services/settlement.go:67.62,69.4 1 0
github.com/aethelred/noblepay-gateway/internal/services/settlement.go:72.2,72.20 1 0
github.com/aethelred/noblepay-gateway/internal/store/memory.go:21.36,26.2 1 1
github.com/aethelred/noblepay-gateway/internal/store/memory.go:28.80,34.2 5 0
github.com/aethelred/noblepay-gateway/internal/store/memory.go:36.86,40.9 4 0
github.com/aethelred/noblepay-gateway/internal/store/memory.go:40.9,42.3 1 0
github.com/aethelred/noblepay-gateway/internal/store/memory.go:43.2,43.15 1 0
github.com/aethelred/noblepay-gateway/internal/store/memory.go:46.93,51.21 4 0
github.com/aethelred/noblepay-gateway/internal/store/memory.go:51.21,53.3 1 0
github.com/aethelred/noblepay-gateway/internal/store/memory.go:54.2,55.17 2 0
github.com/aethelred/noblepay-gateway/internal/store/memory.go:55.17,57.3 1 0
github.com/aethelred/noblepay-gateway/internal/store/memory.go:59.2,60.41 2 0
github.com/aethelred/noblepay-gateway/internal/store/memory.go:60.41,62.3 1 0
github.com/aethelred/noblepay-gateway/internal/store/memory.go:63.2,63.20 1 0
github.com/aethelred/noblepay-gateway/internal/store/memory.go:66.80,69.42 3 0
github.com/aethelred/noblepay-gateway/internal/store/memory.go:69.42,71.3 1 0
github.com/aethelred/noblepay-gateway/internal/store/memory.go:72.2,73.12 2 0
github.com/aethelred/noblepay-gateway/internal/store/memory.go:76.89,81.2 4 0
github.com/aethelred/noblepay-gateway/internal/store/memory.go:83.114,87.2 3 0
github.com/aethelred/noblepay-gateway/pkg/crypto/hash.go:10.36,13.2 2 0
github.com/aethelred/noblepay-gateway/pkg/crypto/hash.go:16.45,20.2 3 0
github.com/aethelred/noblepay-gateway/pkg/crypto/hash.go:23.60,26.2 2 0
github.com/aethelred/noblepay-gateway/cmd/gateway/main.go:16.13,28.12 7 0
github.com/aethelred/noblepay-gateway/cmd/gateway/main.go:28.12,37.51 7 0
github.com/aethelred/noblepay-gateway/cmd/gateway/main.go:37.51,39.4 1 0
github.com/aethelred/noblepay-gateway/cmd/gateway/main.go:40.3,40.11 1 0
github.com/aethelred/noblepay-gateway/cmd/gateway/main.go:43.2,43.70 1 0
github.com/aethelred/noblepay-gateway/cmd/gateway/main.go:43.70,45.3 1 0
github.com/aethelred/noblepay-gateway/cmd/gateway/main.go:47.2,47.31 1 0
github.com/aethelred/noblepay-gateway/internal/config/config.go:20.21,29.2 1 0
github.com/aethelred/noblepay-gateway/internal/config/config.go:31.48,32.34 1 0
github.com/aethelred/noblepay-gateway/internal/config/config.go:32.34,34.3 1 0
github.com/aethelred/noblepay-gateway/internal/config/config.go:35.2,35.17 1 0
github.com/aethelred/noblepay-gateway/internal/config/config.go:38.52,39.34 1 0
github.com/aethelred/noblepay-gateway/internal/config/config.go:39.34,40.44 1 0
github.com/aethelred/noblepay-gateway/internal/config/config.go:40.44,42.4 1 0
github.com/aethelred/noblepay-gateway/internal/config/config.go:44.2,44.17 1 0
github.com/aethelred/noblepay-gateway/internal/handlers/health.go:16.40,18.2 1 1
github.com/aethelred/noblepay-gateway/internal/handlers/health.go:21.74,26.2 1 1
github.com/aethelred/noblepay-gateway/internal/handlers/health.go:29.75,34.2 1 1
github.com/aethelred/noblepay-gateway/internal/handlers/health.go:36.66,40.2 3 1
github.com/aethelred/noblepay-gateway/internal/handlers/middleware.go:12.72,13.46 1 1
github.com/aethelred/noblepay-gateway/internal/handlers/middleware.go:13.46,14.72 1 1
github.com/aethelred/noblepay-gateway/internal/handlers/middleware.go:14.72,24.4 4 1
github.com/aethelred/noblepay-gateway/internal/handlers/middleware.go:33.47,36.2 2 1
github.com/aethelred/noblepay-gateway/internal/handlers/middleware.go:39.64,40.46 1 1
github.com/aethelred/noblepay-gateway/internal/handlers/middleware.go:40.46,41.72 1 1
github.com/aethelred/noblepay-gateway/internal/handlers/middleware.go:41.72,42.20 1 1
github.com/aethelred/noblepay-gateway/internal/handlers/middleware.go:42.20,46.5 2 1
github.com/aethelred/noblepay-gateway/internal/handlers/middleware.go:47.4,48.21 2 1
github.com/aethelred/noblepay-gateway/internal/handlers/middleware.go:48.21,51.5 2 1
github.com/aethelred/noblepay-gateway/internal/handlers/middleware.go:52.4,52.24 1 1
github.com/aethelred/noblepay-gateway/internal/handlers/middleware.go:70.43,75.2 1 1
github.com/aethelred/noblepay-gateway/internal/handlers/middleware.go:78.67,79.71 1 1
github.com/aethelred/noblepay-gateway/internal/handlers/middleware.go:79.71,81.20 2 1
github.com/aethelred/noblepay-gateway/internal/handlers/middleware.go:81.20,84.4 2 1
github.com/aethelred/noblepay-gateway/internal/handlers/middleware.go:85.3,85.23 1 1
github.com/aethelred/noblepay-gateway/internal/handlers/middleware.go:89.46,96.9 5 1
github.com/aethelred/noblepay-gateway/internal/handlers/middleware.go:96.9,99.3 2 1
github.com/aethelred/noblepay-gateway/internal/handlers/middleware.go:102.2,102.41 1 1
github.com/aethelred/noblepay-gateway/internal/handlers/middleware.go:102.41,105.3 2 1
github.com/aethelred/noblepay-gateway/internal/handlers/middleware.go:107.2,107.19 1 1
github.com/aethelred/noblepay-gateway/internal/handlers/middleware.go:107.19,109.3 1 1
github.com/aethelred/noblepay-gateway/internal/handlers/middleware.go:111.2,112.13 2 1
github.com/aethelred/noblepay-gateway/internal/handlers/payments.go:21.70,23.2 1 1
github.com/aethelred/noblepay-gateway/internal/handlers/payments.go:26.74,28.61 2 1
github.com/aethelred/noblepay-gateway/internal/handlers/payments.go:28.61,31.3 2 1
github.com/aethelred/noblepay-gateway/internal/handlers/payments.go:33.2,34.16 2 1
github.com/aethelred/noblepay-gateway/internal/handlers/payments.go:34.16,36.89 1 1
github.com/aethelred/noblepay-gateway/internal/handlers/payments.go:36.89,39.4 2 1
github.com/aethelred/noblepay-gateway/internal/handlers/payments.go:40.3,41.9 2 1
github.com/aethelred/noblepay-gateway/internal/handlers/payments.go:44.2,44.43 1 1
github.com/aethelred/noblepay-gateway/internal/handlers/payments.go:48.75,50.14 2 1
github.com/aethelred/noblepay-gateway/internal/handlers/payments.go:50.14,53.3 2 1
github.com/aethelred/noblepay-gateway/internal/handlers/payments.go:55.2,56.16 2 1
github.com/aethelred/noblepay-gateway/internal/handlers/payments.go:56.16,57.48 1 1
github.com/aethelred/noblepay-gateway/internal/handlers/payments.go:57.48,60.4 2 1
github.com/aethelred/noblepay-gateway/internal/handlers/payments.go:61.3,62.9 2 1
github.com/aethelred/noblepay-gateway/internal/handlers/payments.go:65.2,65.38 1 1
github.com/aethelred/noblepay-gateway/internal/handlers/payments.go:69.72,74.16 4 1
github.com/aethelred/noblepay-gateway/internal/handlers/payments.go:74.16,77.3 2 1
github.com/aethelred/noblepay-gateway/internal/handlers/payments.go:79.2,79.39 1 1
github.com/aethelred/noblepay-gateway/internal/handlers/payments.go:83.74,85.14 2 1
github.com/aethelred/noblepay-gateway/internal/handlers/payments.go:85.14,88.3 2 1
github.com/aethelred/noblepay-gateway/internal/handlers/payments.go:90.2,91.16 2 1
github.com/aethelred/noblepay-gateway/internal/handlers/payments.go:91.16,92.48 1 1
github.com/aethelred/noblepay-gateway/internal/handlers/payments.go:92.48,95.4 2 1
github.com/aethelred/noblepay-gateway/internal/handlers/payments.go:96.3,96.47 1 1
github.com/aethelred/noblepay-gateway/internal/handlers/payments.go:96.47,99.4 2 1
github.com/aethelred/noblepay-gateway/internal/handlers/payments.go:100.3,101.9 2 1
github.com/aethelred/noblepay-gateway/internal/handlers/payments.go:104.2,104.38 1 1
github.com/aethelred/noblepay-gateway/internal/handlers/webhooks.go:21.137,27.2 1 1
github.com/aethelred/noblepay-gateway/internal/handlers/webhooks.go:30.79,32.61 2 1
github.com/aethelred/noblepay-gateway/internal/handlers/webhooks.go:32.61,35.3 2 1
github.com/aethelred/noblepay-gateway/internal/handlers/webhooks.go:37.2,37.40 1 1
github.com/aethelred/noblepay-gateway/internal/handlers/webhooks.go:37.40,40.3 2 1
github.com/aethelred/noblepay-gateway/internal/handlers/webhooks.go:43.2,50.71 2 1
github.com/aethelred/noblepay-gateway/internal/handlers/webhooks.go:50.71,54.3 3 1
github.com/aethelred/noblepay-gateway/internal/handlers/webhooks.go:57.2,57.25 1 1
github.com/aethelred/noblepay-gateway/internal/handlers/webhooks.go:57.25,58.80 1 1
github.com/aethelred/noblepay-gateway/internal/handlers/webhooks.go:58.80,60.4 1 1
github.com/aethelred/noblepay-gateway/internal/handlers/webhooks.go:63.2,63.70 1 1
github.com/aethelred/noblepay-gateway/internal/models/models.go:43.49,44.27 1 1
github.com/aethelred/noblepay-gateway/internal/models/models.go:44.27,46.3 1 1
github.com/aethelred/noblepay-gateway/internal/models/models.go:47.2,47.29 1 1
github.com/aethelred/noblepay-gateway/internal/models/models.go:47.29,49.3 1 1
github.com/aethelred/noblepay-gateway/internal/models/models.go:50.2,50.20 1 1
github.com/aethelred/noblepay-gateway/internal/models/models.go:50.20,52.3 1 1
github.com/aethelred/noblepay-gateway/internal/models/models.go:53.2,53.22 1 1
github.com/aethelred/noblepay-gateway/internal/models/models.go:53.22,55.3 1 1
github.com/aethelred/noblepay-gateway/internal/models/models.go:56.2,56.12 1 1
github.com/aethelred/noblepay-gateway/internal/server/server.go:26.58,53.40 15 0
github.com/aethelred/noblepay-gateway/internal/server/server.go:53.40,62.3 6 0
github.com/aethelred/noblepay-gateway/internal/server/server.go:64.2,75.3 1 0
github.com/aethelred/noblepay-gateway/internal/server/server.go:79.51,83.2 3 0
github.com/aethelred/noblepay-gateway/internal/server/server.go:86.54,89.2 2 0
github.com/aethelred/noblepay-gateway/internal/services/compliance.go:23.78,31.2 1 1
github.com/aethelred/noblepay-gateway/internal/services/compliance.go:40.122,48.16 3 1
github.com/aethelred/noblepay-gateway/internal/services/compliance.go:48.16,50.3 1 0
github.com/aethelred/noblepay-gateway/internal/services/compliance.go:52.2,54.16 3 1
github.com/aethelred/noblepay-gateway/internal/services/compliance.go:54.16,56.3 1 1
github.com/aethelred/noblepay-gateway/internal/services/compliance.go:57.2,60.16 3 1
github.com/aethelred/noblepay-gateway/internal/services/compliance.go:60.16,63.3 2 1
github.com/aethelred/noblepay-gateway/internal/services/compliance.go:64.2,66.38 2 1
github.com/aethelred/noblepay-gateway/internal/services/compliance.go:66.38,68.3 1 1
github.com/aethelred/noblepay-gateway/internal/services/compliance.go:70.2,71.67 2 1
github.com/aethelred/noblepay-gateway/internal/services/compliance.go:71.67,73.3 1 1
github.com/aethelred/noblepay-gateway/internal/services/compliance.go:75.2,80.21 2 1
github.com/aethelred/noblepay-gateway/internal/services/indexer.go:21.87,28.2 1 1
github.com/aethelred/noblepay-gateway/internal/services/indexer.go:32.57,35.2 2 1
github.com/aethelred/noblepay-gateway/internal/services/indexer.go:38.37,40.2 1 1
github.com/aethelred/noblepay-gateway/internal/services/indexer.go:42.55,46.6 3 1
github.com/aethelred/noblepay-gateway/internal/services/indexer.go:46.6,47.10 1 1
github.com/aethelred/noblepay-gateway/internal/services/indexer.go:48.21,50.10 2 1
github.com/aethelred/noblepay-gateway/internal/services/indexer.go:51.20,53.10 2 1
github.com/aethelred/noblepay-gateway/internal/services/indexer.go:54.19,56.55 1 0
github.com/aethelred/noblepay-gateway/internal/services/indexer.go:62.99,69.2 2 1
github.com/aethelred/noblepay-gateway/internal/services/indexer.go:72.114,74.2 1 1
github.com/aethelred/noblepay-gateway/internal/services/payment.go:22.102,28.2 1 1
github.com/aethelred/noblepay-gateway/internal/services/payment.go:31.114,32.39 1 1
github.com/aethelred/noblepay-gateway/internal/services/payment.go:32.39,34.3 1 1
github.com/aethelred/noblepay-gateway/internal/services/payment.go:37.2,38.16 2 1
github.com/aethelred/noblepay-gateway/internal/services/payment.go:38.16,40.3 1 1
github.com/aethelred/noblepay-gateway/internal/services/payment.go:42.2,55.54 2 1
github.com/aethelred/noblepay-gateway/internal/services/payment.go:55.54,57.3 1 1
github.com/aethelred/noblepay-gateway/internal/services/payment.go:59.2,65.21 2 1
github.com/aethelred/noblepay-gateway/internal/services/payment.go:69.92,71.2 1 1
github.com/aethelred/noblepay-gateway/internal/services/payment.go:74.99,75.16 1 1
github.com/aethelred/noblepay-gateway/internal/services/payment.go:75.16,77.3 1 1
github.com/aethelred/noblepay-gateway/internal/services/payment.go:78.2,78.17 1 1
github.com/aethelred/noblepay-gateway/internal/services/payment.go:78.17,80.3 1 1
github.com/aethelred/noblepay-gateway/internal/services/payment.go:81.2,81.16 1 1
github.com/aethelred/noblepay-gateway/internal/services/payment.go:81.16,83.3 1 1
github.com/aethelred/noblepay-gateway/internal/services/payment.go:84.2,84.42 1 1
github.com/aethelred/noblepay-gateway/internal/services/payment.go:88.91,90.16 2 1
github.com/aethelred/noblepay-gateway/internal/services/payment.go:90.16,92.3 1 1
github.com/aethelred/noblepay-gateway/internal/services/payment.go:94.2,94.51 1 1
github.com/aethelred/noblepay-gateway/internal/services/payment.go:94.51,96.3 1 1
github.com/aethelred/noblepay-gateway/internal/services/payment.go:98.2,101.54 3 1
github.com/aethelred/noblepay-gateway/internal/services/payment.go:101.54,103.3 1 1
github.com/aethelred/noblepay-gateway/internal/services/payment.go:105.2,106.21 2 1
github.com/aethelred/noblepay-gateway/internal/services/payment.go:109.26,113.2 3 1
github.com/aethelred/noblepay-gateway/internal/services/settlement.go:20.110,26.2 1 1
github.com/aethelred/noblepay-gateway/internal/services/settlement.go:29.113,31.16 2 1
github.com/aethelred/noblepay-gateway/internal/services/settlement.go:31.16,33.3 1 1
github.com/aethelred/noblepay-gateway/internal/services/settlement.go:35.2,36.16 2 1
github.com/aethelred/noblepay-gateway/internal/services/settlement.go:36.16,38.3 1 1
github.com/aethelred/noblepay-gateway/internal/services/settlement.go:40.2,45.29 2 1
github.com/aethelred/noblepay-gateway/internal/services/settlement.go:45.29,46.43 1 1
github.com/aethelred/noblepay-gateway/internal/services/settlement.go:46.43,50.9 4 1
github.com/aethelred/noblepay-gateway/internal/services/settlement.go:54.2,54.72 1 1
github.com/aethelred/noblepay-gateway/internal/services/settlement.go:54.72,60.3 2 1
github.com/aethelred/noblepay-gateway/internal/services/settlement.go:62.2,62.71 1 1
github.com/aethelred/noblepay-gateway/internal/services/settlement.go:62.71,67.62 4 1
github.com/aethelred/noblepay-gateway/internal/services/settlement.go:67.62,69.4 1 1
github.com/aethelred/noblepay-gateway/internal/services/settlement.go:72.2,72.20 1 1
github.com/aethelred/noblepay-gateway/internal/store/memory.go:21.36,26.2 1 1
github.com/aethelred/noblepay-gateway/internal/store/memory.go:28.80,34.2 5 1
github.com/aethelred/noblepay-gateway/internal/store/memory.go:36.86,40.9 4 1
github.com/aethelred/noblepay-gateway/internal/store/memory.go:40.9,42.3 1 1
github.com/aethelred/noblepay-gateway/internal/store/memory.go:43.2,43.15 1 1
github.com/aethelred/noblepay-gateway/internal/store/memory.go:46.93,51.21 4 1
github.com/aethelred/noblepay-gateway/internal/store/memory.go:51.21,53.3 1 1
github.com/aethelred/noblepay-gateway/internal/store/memory.go:54.2,55.17 2 1
github.com/aethelred/noblepay-gateway/internal/store/memory.go:55.17,57.3 1 1
github.com/aethelred/noblepay-gateway/internal/store/memory.go:59.2,60.41 2 1
github.com/aethelred/noblepay-gateway/internal/store/memory.go:60.41,62.3 1 1
github.com/aethelred/noblepay-gateway/internal/store/memory.go:63.2,63.20 1 1
github.com/aethelred/noblepay-gateway/internal/store/memory.go:66.80,69.42 3 1
github.com/aethelred/noblepay-gateway/internal/store/memory.go:69.42,71.3 1 1
github.com/aethelred/noblepay-gateway/internal/store/memory.go:72.2,73.12 2 1
github.com/aethelred/noblepay-gateway/internal/store/memory.go:76.89,81.2 4 1
github.com/aethelred/noblepay-gateway/internal/store/memory.go:83.114,87.2 3 1
github.com/aethelred/noblepay-gateway/pkg/crypto/hash.go:10.36,13.2 2 1
github.com/aethelred/noblepay-gateway/pkg/crypto/hash.go:16.45,20.2 3 1
github.com/aethelred/noblepay-gateway/pkg/crypto/hash.go:23.60,26.2 2 1
