{"src/AIComplianceModule.sol":{"l":{"282":7,"284":5,"285":5,"286":5,"288":5,"314":47,"316":45,"317":45,"318":43,"320":42,"325":42,"326":42,"327":4,"330":42,"343":42,"344":42,"345":42,"347":42,"349":42,"350":4,"351":4,"369":20,"370":20,"371":19,"374":18,"375":18,"376":3,"379":15,"383":15,"395":15,"396":15,"398":15,"399":15,"401":15,"411":10,"412":10,"413":10,"415":9,"416":9,"418":9,"434":7,"435":7,"436":7,"437":6,"444":6,"445":6,"446":6,"448":6,"449":3,"452":3,"453":3,"454":3,"457":6,"476":15,"477":15,"478":14,"479":12,"481":9,"485":9,"487":9,"496":9,"497":9,"499":9,"501":9,"502":9,"505":9,"506":9,"508":9,"510":9,"529":7,"530":7,"532":5,"545":5,"547":5,"559":5,"560":5,"562":4,"563":4,"565":4,"579":5,"581":3,"582":3,"584":3,"593":3,"598":1,"603":1,"608":2,"613":3,"618":2,"623":1,"628":3,"633":2,"638":6,"650":2,"659":1,"664":1},"path":"/Users/rameshtamilselvan/Downloads/aethelred/dApps/noblepay/contracts/src/AIComplianceModule.sol","s":{"1":7,"2":5,"3":5,"4":5,"5":47,"6":45,"7":45,"8":43,"9":42,"10":42,"11":42,"12":42,"13":42,"14":4,"15":4,"16":20,"17":20,"18":19,"19":18,"20":18,"21":15,"22":15,"23":15,"24":10,"25":10,"26":10,"27":9,"28":7,"29":7,"30":7,"31":6,"32":6,"33":3,"34":6,"35":15,"36":15,"37":14,"38":12,"39":9,"40":9,"41":9,"42":9,"43":9,"44":7,"45":5,"46":5,"47":5,"48":5,"49":4,"50":4,"51":5,"52":3,"53":3,"54":3,"55":1,"56":1,"57":2,"58":3,"59":2,"60":1,"61":3,"62":2,"63":6,"64":2,"65":1,"66":1},"b":{"1":[2,5],"2":[49,0],"3":[47,2],"4":[2,45],"5":[2,43],"6":[1,42],"7":[4,38],"8":[4,38],"9":[20,0],"10":[1,19],"11":[1,18],"12":[3,15],"13":[10,0],"14":[10,0],"15":[0,10],"16":[1,9],"17":[7,0],"18":[7,0],"19":[0,7],"20":[1,6],"21":[6,0],"22":[2,3],"23":[3,1],"24":[3,3],"25":[16,0],"26":[15,1],"27":[1,14],"28":[2,12],"29":[3,9],"30":[9,0],"31":[7,1],"32":[2,5],"33":[5,0],"34":[1,4],"35":[5,1],"36":[2,3],"37":[1,1],"38":[1,0]},"f":{"1":7,"2":47,"3":20,"4":10,"5":7,"6":15,"7":7,"8":5,"9":5,"10":3,"11":1,"12":1,"13":2,"14":3,"15":2,"16":1,"17":3,"18":2,"19":6,"20":2,"21":1,"22":1},"fnMap":{"1":{"name":"constructor","line":281,"loc":{"start":{"line":281,"column":4},"end":{"line":289,"column":4}}},"2":{"name":"recordDecision","line":313,"loc":{"start":{"line":306,"column":4},"end":{"line":353,"column":4}}},"3":{"name":"fileAppeal","line":368,"loc":{"start":{"line":365,"column":4},"end":{"line":402,"column":4}}},"4":{"name":"startAppealReview","line":410,"loc":{"start":{"line":408,"column":4},"end":{"line":419,"column":4}}},"5":{"name":"resolveAppeal","line":433,"loc":{"start":{"line":428,"column":4},"end":{"line":458,"column":4}}},"6":{"name":"overrideDecision","line":475,"loc":{"start":{"line":471,"column":4},"end":{"line":511,"column":4}}},"7":{"name":"registerModel","line":528,"loc":{"start":{"line":524,"column":4},"end":{"line":548,"column":4}}},"8":{"name":"updateModelStatus","line":558,"loc":{"start":{"line":555,"column":4},"end":{"line":566,"column":4}}},"9":{"name":"setEscalationThreshold","line":578,"loc":{"start":{"line":576,"column":4},"end":{"line":585,"column":4}}},"10":{"name":"getDecision","line":592,"loc":{"start":{"line":592,"column":4},"end":{"line":594,"column":4}}},"11":{"name":"getAppeal","line":597,"loc":{"start":{"line":597,"column":4},"end":{"line":599,"column":4}}},"12":{"name":"getOverride","line":602,"loc":{"start":{"line":602,"column":4},"end":{"line":604,"column":4}}},"13":{"name":"getModel","line":607,"loc":{"start":{"line":607,"column":4},"end":{"line":609,"column":4}}},"14":{"name":"getSubjectDecisionCount","line":612,"loc":{"start":{"line":612,"column":4},"end":{"line":614,"column":4}}},"15":{"name":"getDecisionAppealCount","line":617,"loc":{"start":{"line":617,"column":4},"end":{"line":619,"column":4}}},"16":{"name":"getDecisionOverrideCount","line":622,"loc":{"start":{"line":622,"column":4},"end":{"line":624,"column":4}}},"17":{"name":"getRegisteredModelCount","line":627,"loc":{"start":{"line":627,"column":4},"end":{"line":629,"column":4}}},"18":{"name":"getEscalationQueueLength","line":632,"loc":{"start":{"line":632,"column":4},"end":{"line":634,"column":4}}},"19":{"name":"getOutcomeCount","line":637,"loc":{"start":{"line":637,"column":4},"end":{"line":639,"column":4}}},"20":{"name":"getAuditTrail","line":647,"loc":{"start":{"line":647,"column":4},"end":{"line":651,"column":4}}},"21":{"name":"pause","line":658,"loc":{"start":{"line":658,"column":4},"end":{"line":660,"column":4}}},"22":{"name":"unpause","line":663,"loc":{"start":{"line":663,"column":4},"end":{"line":665,"column":4}}}},"statementMap":{"1":{"start":{"line":282,"column":8},"end":{"line":282,"column":54}},"2":{"start":{"line":284,"column":8},"end":{"line":284,"column":45}},"3":{"start":{"line":285,"column":8},"end":{"line":285,"column":43}},"4":{"start":{"line":286,"column":8},"end":{"line":286,"column":50}},"5":{"start":{"line":314,"column":8},"end":{"line":314,"column":67}},"6":{"start":{"line":316,"column":8},"end":{"line":316,"column":48}},"7":{"start":{"line":317,"column":8},"end":{"line":317,"column":59}},"8":{"start":{"line":318,"column":8},"end":{"line":318,"column":71}},"9":{"start":{"line":325,"column":8},"end":{"line":325,"column":47}},"10":{"start":{"line":326,"column":8},"end":{"line":326,"column":11980}},"11":{"start":{"line":343,"column":8},"end":{"line":343,"column":54}},"12":{"start":{"line":347,"column":8},"end":{"line":347,"column":109}},"13":{"start":{"line":349,"column":8},"end":{"line":349,"column":12758}},"14":{"start":{"line":350,"column":12},"end":{"line":350,"column":43}},"15":{"start":{"line":351,"column":12},"end":{"line":351,"column":85}},"16":{"start":{"line":369,"column":8},"end":{"line":369,"column":51}},"17":{"start":{"line":370,"column":8},"end":{"line":370,"column":55}},"18":{"start":{"line":371,"column":8},"end":{"line":371,"column":51}},"19":{"start":{"line":374,"column":8},"end":{"line":374,"column":54}},"20":{"start":{"line":375,"column":8},"end":{"line":375,"column":13779}},"21":{"start":{"line":396,"column":8},"end":{"line":396,"column":50}},"22":{"start":{"line":398,"column":8},"end":{"line":398,"column":49}},"23":{"start":{"line":401,"column":8},"end":{"line":401,"column":73}},"24":{"start":{"line":411,"column":8},"end":{"line":411,"column":45}},"25":{"start":{"line":412,"column":8},"end":{"line":412,"column":51}},"26":{"start":{"line":413,"column":8},"end":{"line":413,"column":71}},"27":{"start":{"line":418,"column":8},"end":{"line":418,"column":55}},"28":{"start":{"line":434,"column":8},"end":{"line":434,"column":45}},"29":{"start":{"line":435,"column":8},"end":{"line":435,"column":51}},"30":{"start":{"line":436,"column":8},"end":{"line":436,"column":80}},"31":{"start":{"line":437,"column":8},"end":{"line":437,"column":15982}},"32":{"start":{"line":448,"column":8},"end":{"line":448,"column":16331}},"33":{"start":{"line":452,"column":12},"end":{"line":452,"column":56}},"34":{"start":{"line":457,"column":8},"end":{"line":457,"column":78}},"35":{"start":{"line":476,"column":8},"end":{"line":476,"column":51}},"36":{"start":{"line":477,"column":8},"end":{"line":477,"column":55}},"37":{"start":{"line":478,"column":8},"end":{"line":478,"column":60}},"38":{"start":{"line":479,"column":8},"end":{"line":479,"column":58}},"39":{"start":{"line":485,"column":8},"end":{"line":485,"column":51}},"40":{"start":{"line":499,"column":8},"end":{"line":499,"column":54}},"41":{"start":{"line":501,"column":8},"end":{"line":501,"column":49}},"42":{"start":{"line":505,"column":8},"end":{"line":505,"column":18335}},"43":{"start":{"line":510,"column":8},"end":{"line":510,"column":98}},"44":{"start":{"line":530,"column":8},"end":{"line":530,"column":74}},"45":{"start":{"line":545,"column":8},"end":{"line":545,"column":39}},"46":{"start":{"line":547,"column":8},"end":{"line":547,"column":66}},"47":{"start":{"line":559,"column":8},"end":{"line":559,"column":48}},"48":{"start":{"line":560,"column":8},"end":{"line":560,"column":59}},"49":{"start":{"line":562,"column":8},"end":{"line":562,"column":44}},"50":{"start":{"line":565,"column":8},"end":{"line":565,"column":61}},"51":{"start":{"line":579,"column":8},"end":{"line":579,"column":58}},"52":{"start":{"line":581,"column":8},"end":{"line":581,"column":39}},"53":{"start":{"line":584,"column":8},"end":{"line":584,"column":59}},"54":{"start":{"line":593,"column":8},"end":{"line":593,"column":37}},"55":{"start":{"line":598,"column":8},"end":{"line":598,"column":33}},"56":{"start":{"line":603,"column":8},"end":{"line":603,"column":37}},"57":{"start":{"line":608,"column":8},"end":{"line":608,"column":31}},"58":{"start":{"line":613,"column":8},"end":{"line":613,"column":52}},"59":{"start":{"line":618,"column":8},"end":{"line":618,"column":50}},"60":{"start":{"line":623,"column":8},"end":{"line":623,"column":52}},"61":{"start":{"line":628,"column":8},"end":{"line":628,"column":40}},"62":{"start":{"line":633,"column":8},"end":{"line":633,"column":37}},"63":{"start":{"line":638,"column":8},"end":{"line":638,"column":37}},"64":{"start":{"line":650,"column":8},"end":{"line":650,"column":77}},"65":{"start":{"line":659,"column":8},"end":{"line":659,"column":15}},"66":{"start":{"line":664,"column":8},"end":{"line":664,"column":17}}},"branchMap":{"1":{"line":282,"type":"if","locations":[{"start":{"line":282,"column":8},"end":{"line":282,"column":8}},{"start":{"line":282,"column":8},"end":{"line":282,"column":8}}]},"2":{"line":313,"type":"if","locations":[{"start":{"line":313,"column":15},"end":{"line":313,"column":15}},{"start":{"line":313,"column":15},"end":{"line":313,"column":15}}]},"3":{"line":313,"type":"if","locations":[{"start":{"line":313,"column":29},"end":{"line":313,"column":29}},{"start":{"line":313,"column":29},"end":{"line":313,"column":29}}]},"4":{"line":314,"type":"if","locations":[{"start":{"line":314,"column":8},"end":{"line":314,"column":8}},{"start":{"line":314,"column":8},"end":{"line":314,"column":8}}]},"5":{"line":317,"type":"if","locations":[{"start":{"line":317,"column":8},"end":{"line":317,"column":8}},{"start":{"line":317,"column":8},"end":{"line":317,"column":8}}]},"6":{"line":318,"type":"if","locations":[{"start":{"line":318,"column":8},"end":{"line":318,"column":8}},{"start":{"line":318,"column":8},"end":{"line":318,"column":8}}]},"7":{"line":326,"type":"if","locations":[{"start":{"line":326,"column":8},"end":{"line":326,"column":8}},{"start":{"line":326,"column":8},"end":{"line":326,"column":8}}]},"8":{"line":349,"type":"if","locations":[{"start":{"line":349,"column":8},"end":{"line":349,"column":8}},{"start":{"line":349,"column":8},"end":{"line":349,"column":8}}]},"9":{"line":368,"type":"if","locations":[{"start":{"line":368,"column":15},"end":{"line":368,"column":15}},{"start":{"line":368,"column":15},"end":{"line":368,"column":15}}]},"10":{"line":370,"type":"if","locations":[{"start":{"line":370,"column":8},"end":{"line":370,"column":8}},{"start":{"line":370,"column":8},"end":{"line":370,"column":8}}]},"11":{"line":371,"type":"if","locations":[{"start":{"line":371,"column":8},"end":{"line":371,"column":8}},{"start":{"line":371,"column":8},"end":{"line":371,"column":8}}]},"12":{"line":375,"type":"if","locations":[{"start":{"line":375,"column":8},"end":{"line":375,"column":8}},{"start":{"line":375,"column":8},"end":{"line":375,"column":8}}]},"13":{"line":410,"type":"if","locations":[{"start":{"line":410,"column":15},"end":{"line":410,"column":15}},{"start":{"line":410,"column":15},"end":{"line":410,"column":15}}]},"14":{"line":410,"type":"if","locations":[{"start":{"line":410,"column":29},"end":{"line":410,"column":29}},{"start":{"line":410,"column":29},"end":{"line":410,"column":29}}]},"15":{"line":412,"type":"if","locations":[{"start":{"line":412,"column":8},"end":{"line":412,"column":8}},{"start":{"line":412,"column":8},"end":{"line":412,"column":8}}]},"16":{"line":413,"type":"if","locations":[{"start":{"line":413,"column":8},"end":{"line":413,"column":8}},{"start":{"line":413,"column":8},"end":{"line":413,"column":8}}]},"17":{"line":433,"type":"if","locations":[{"start":{"line":433,"column":15},"end":{"line":433,"column":15}},{"start":{"line":433,"column":15},"end":{"line":433,"column":15}}]},"18":{"line":433,"type":"if","locations":[{"start":{"line":433,"column":29},"end":{"line":433,"column":29}},{"start":{"line":433,"column":29},"end":{"line":433,"column":29}}]},"19":{"line":435,"type":"if","locations":[{"start":{"line":435,"column":8},"end":{"line":435,"column":8}},{"start":{"line":435,"column":8},"end":{"line":435,"column":8}}]},"20":{"line":436,"type":"if","locations":[{"start":{"line":436,"column":8},"end":{"line":436,"column":8}},{"start":{"line":436,"column":8},"end":{"line":436,"column":8}}]},"21":{"line":437,"type":"if","locations":[{"start":{"line":437,"column":8},"end":{"line":437,"column":8}},{"start":{"line":437,"column":8},"end":{"line":437,"column":8}}]},"22":{"line":438,"type":"cond-expr","locations":[{"start":{"line":438,"column":12},"end":{"line":438,"column":41}},{"start":{"line":439,"column":12},"end":{"line":439,"column":45}}]},"23":{"line":438,"type":"cond-expr","locations":[{"start":{"line":438,"column":12},"end":{"line":439,"column":45}},{"start":{"line":440,"column":12},"end":{"line":440,"column":44}}]},"24":{"line":448,"type":"if","locations":[{"start":{"line":448,"column":8},"end":{"line":448,"column":8}},{"start":{"line":448,"column":8},"end":{"line":448,"column":8}}]},"25":{"line":475,"type":"if","locations":[{"start":{"line":475,"column":15},"end":{"line":475,"column":15}},{"start":{"line":475,"column":15},"end":{"line":475,"column":15}}]},"26":{"line":475,"type":"if","locations":[{"start":{"line":475,"column":29},"end":{"line":475,"column":29}},{"start":{"line":475,"column":29},"end":{"line":475,"column":29}}]},"27":{"line":477,"type":"if","locations":[{"start":{"line":477,"column":8},"end":{"line":477,"column":8}},{"start":{"line":477,"column":8},"end":{"line":477,"column":8}}]},"28":{"line":478,"type":"if","locations":[{"start":{"line":478,"column":8},"end":{"line":478,"column":8}},{"start":{"line":478,"column":8},"end":{"line":478,"column":8}}]},"29":{"line":479,"type":"if","locations":[{"start":{"line":479,"column":8},"end":{"line":479,"column":8}},{"start":{"line":479,"column":8},"end":{"line":479,"column":8}}]},"30":{"line":505,"type":"if","locations":[{"start":{"line":505,"column":8},"end":{"line":505,"column":8}},{"start":{"line":505,"column":8},"end":{"line":505,"column":8}}]},"31":{"line":528,"type":"if","locations":[{"start":{"line":528,"column":15},"end":{"line":528,"column":15}},{"start":{"line":528,"column":15},"end":{"line":528,"column":15}}]},"32":{"line":530,"type":"if","locations":[{"start":{"line":530,"column":8},"end":{"line":530,"column":8}},{"start":{"line":530,"column":8},"end":{"line":530,"column":8}}]},"33":{"line":558,"type":"if","locations":[{"start":{"line":558,"column":15},"end":{"line":558,"column":15}},{"start":{"line":558,"column":15},"end":{"line":558,"column":15}}]},"34":{"line":560,"type":"if","locations":[{"start":{"line":560,"column":8},"end":{"line":560,"column":8}},{"start":{"line":560,"column":8},"end":{"line":560,"column":8}}]},"35":{"line":578,"type":"if","locations":[{"start":{"line":578,"column":15},"end":{"line":578,"column":15}},{"start":{"line":578,"column":15},"end":{"line":578,"column":15}}]},"36":{"line":579,"type":"if","locations":[{"start":{"line":579,"column":8},"end":{"line":579,"column":8}},{"start":{"line":579,"column":8},"end":{"line":579,"column":8}}]},"37":{"line":658,"type":"if","locations":[{"start":{"line":658,"column":30},"end":{"line":658,"column":30}},{"start":{"line":658,"column":30},"end":{"line":658,"column":30}}]},"38":{"line":663,"type":"if","locations":[{"start":{"line":663,"column":32},"end":{"line":663,"column":32}},{"start":{"line":663,"column":32},"end":{"line":663,"column":32}}]}}},"src/BusinessRegistry.sol":{"l":{"168":8,"170":6,"171":6,"172":6,"192":72,"193":70,"196":66,"199":60,"202":58,"203":58,"205":55,"217":55,"218":55,"220":55,"234":37,"235":37,"237":35,"242":35,"243":33,"246":35,"247":35,"249":35,"261":9,"262":9,"263":8,"264":2,"267":6,"268":6,"270":6,"278":6,"279":6,"280":6,"281":2,"284":4,"285":4,"286":4,"288":4,"300":6,"301":6,"303":6,"304":3,"307":6,"309":6,"325":17,"326":17,"327":17,"328":1,"330":16,"331":2,"333":14,"335":10,"336":10,"338":10,"351":5,"353":4,"354":4,"356":3,"357":3,"359":3,"372":3,"381":6,"382":6,"383":4,"384":2,"393":7,"394":7,"395":6,"404":2,"413":2,"414":1,"415":1,"416":1,"421":2,"426":1,"444":66,"445":66,"446":4,"450":62,"451":59,"452":59,"453":352,"454":352,"458":352,"459":350},"path":"/Users/rameshtamilselvan/Downloads/aethelred/dApps/noblepay/contracts/src/BusinessRegistry.sol","s":{"1":8,"2":6,"3":6,"4":6,"5":72,"6":70,"7":66,"8":60,"9":58,"10":58,"11":55,"12":37,"13":37,"14":35,"15":35,"16":35,"17":9,"18":9,"19":8,"20":6,"21":6,"22":6,"23":6,"24":4,"25":6,"26":6,"27":6,"28":6,"29":17,"30":17,"31":17,"32":16,"33":14,"34":10,"35":10,"36":5,"37":4,"38":4,"39":3,"40":3,"41":3,"42":6,"43":6,"44":2,"45":4,"46":2,"47":2,"48":7,"49":7,"50":1,"51":6,"52":2,"53":2,"54":1,"55":1,"56":2,"57":1,"58":66,"59":66,"60":62,"61":59,"62":59,"63":352,"64":352,"65":352},"b":{"1":[2,6],"2":[72,1],"3":[2,70],"4":[4,66],"5":[2,58],"6":[3,55],"7":[37,1],"8":[37,0],"9":[2,35],"10":[35,0],"11":[33,2],"12":[33,2],"13":[9,0],"14":[9,0],"15":[1,8],"16":[2,6],"17":[6,0],"18":[6,0],"19":[0,6],"20":[2,4],"21":[6,1],"22":[0,6],"23":[3,3],"24":[17,0],"25":[17,0],"26":[0,17],"27":[1,16],"28":[2,14],"29":[4,10],"30":[5,0],"31":[1,4],"32":[1,3],"33":[2,4],"34":[2,2],"35":[1,6],"36":[2,0],"37":[1,1],"38":[2,1],"39":[1,0],"40":[4,62],"41":[3,1],"42":[59,3],"43":[2,350]},"f":{"1":8,"2":72,"3":37,"4":9,"5":6,"6":6,"7":17,"8":5,"9":3,"10":6,"11":7,"12":2,"13":2,"14":2,"15":1,"16":66},"fnMap":{"1":{"name":"constructor","line":167,"loc":{"start":{"line":167,"column":4},"end":{"line":173,"column":4}}},"2":{"name":"registerBusiness","line":191,"loc":{"start":{"line":186,"column":4},"end":{"line":221,"column":4}}},"3":{"name":"verifyBusiness","line":233,"loc":{"start":{"line":233,"column":4},"end":{"line":250,"column":4}}},"4":{"name":"suspendBusiness","line":260,"loc":{"start":{"line":257,"column":4},"end":{"line":271,"column":4}}},"5":{"name":"reinstateBusiness","line":277,"loc":{"start":{"line":277,"column":4},"end":{"line":289,"column":4}}},"6":{"name":"revokeBusiness","line":299,"loc":{"start":{"line":296,"column":4},"end":{"line":310,"column":4}}},"7":{"name":"upgradeTier","line":324,"loc":{"start":{"line":321,"column":4},"end":{"line":339,"column":4}}},"8":{"name":"updateComplianceOfficer","line":350,"loc":{"start":{"line":350,"column":4},"end":{"line":360,"column":4}}},"9":{"name":"getBusinessDetails","line":371,"loc":{"start":{"line":371,"column":4},"end":{"line":373,"column":4}}},"10":{"name":"isBusinessActive","line":380,"loc":{"start":{"line":380,"column":4},"end":{"line":385,"column":4}}},"11":{"name":"needsReverification","line":392,"loc":{"start":{"line":392,"column":4},"end":{"line":396,"column":4}}},"12":{"name":"getBusinessTier","line":403,"loc":{"start":{"line":403,"column":4},"end":{"line":405,"column":4}}},"13":{"name":"setNoblePayContract","line":412,"loc":{"start":{"line":412,"column":4},"end":{"line":417,"column":4}}},"14":{"name":"pause","line":420,"loc":{"start":{"line":420,"column":4},"end":{"line":422,"column":4}}},"15":{"name":"unpause","line":425,"loc":{"start":{"line":425,"column":4},"end":{"line":427,"column":4}}},"16":{"name":"_validateLicenseNumber","line":440,"loc":{"start":{"line":440,"column":4},"end":{"line":462,"column":4}}}},"statementMap":{"1":{"start":{"line":168,"column":8},"end":{"line":168,"column":54}},"2":{"start":{"line":170,"column":8},"end":{"line":170,"column":45}},"3":{"start":{"line":171,"column":8},"end":{"line":171,"column":37}},"4":{"start":{"line":172,"column":8},"end":{"line":172,"column":40}},"5":{"start":{"line":192,"column":8},"end":{"line":192,"column":88}},"6":{"start":{"line":193,"column":8},"end":{"line":193,"column":66}},"7":{"start":{"line":196,"column":8},"end":{"line":196,"column":60}},"8":{"start":{"line":199,"column":8},"end":{"line":199,"column":74}},"9":{"start":{"line":202,"column":8},"end":{"line":202,"column":73}},"10":{"start":{"line":203,"column":8},"end":{"line":203,"column":89}},"11":{"start":{"line":220,"column":8},"end":{"line":220,"column":89}},"12":{"start":{"line":234,"column":8},"end":{"line":234,"column":52}},"13":{"start":{"line":235,"column":8},"end":{"line":235,"column":60}},"14":{"start":{"line":237,"column":8},"end":{"line":237,"column":9035}},"15":{"start":{"line":242,"column":8},"end":{"line":242,"column":9215}},"16":{"start":{"line":249,"column":8},"end":{"line":249,"column":69}},"17":{"start":{"line":261,"column":8},"end":{"line":261,"column":52}},"18":{"start":{"line":262,"column":8},"end":{"line":262,"column":60}},"19":{"start":{"line":263,"column":8},"end":{"line":263,"column":9954}},"20":{"start":{"line":270,"column":8},"end":{"line":270,"column":50}},"21":{"start":{"line":278,"column":8},"end":{"line":278,"column":52}},"22":{"start":{"line":279,"column":8},"end":{"line":279,"column":60}},"23":{"start":{"line":280,"column":8},"end":{"line":280,"column":10578}},"24":{"start":{"line":288,"column":8},"end":{"line":288,"column":54}},"25":{"start":{"line":300,"column":8},"end":{"line":300,"column":52}},"26":{"start":{"line":301,"column":8},"end":{"line":301,"column":60}},"27":{"start":{"line":303,"column":8},"end":{"line":303,"column":11339}},"28":{"start":{"line":309,"column":8},"end":{"line":309,"column":48}},"29":{"start":{"line":325,"column":8},"end":{"line":325,"column":52}},"30":{"start":{"line":326,"column":8},"end":{"line":326,"column":60}},"31":{"start":{"line":327,"column":8},"end":{"line":327,"column":12139}},"32":{"start":{"line":330,"column":8},"end":{"line":330,"column":12272}},"33":{"start":{"line":333,"column":8},"end":{"line":333,"column":76}},"34":{"start":{"line":335,"column":8},"end":{"line":335,"column":39}},"35":{"start":{"line":338,"column":8},"end":{"line":338,"column":55}},"36":{"start":{"line":351,"column":8},"end":{"line":351,"column":59}},"37":{"start":{"line":353,"column":8},"end":{"line":353,"column":53}},"38":{"start":{"line":354,"column":8},"end":{"line":354,"column":60}},"39":{"start":{"line":356,"column":8},"end":{"line":356,"column":50}},"40":{"start":{"line":359,"column":8},"end":{"line":359,"column":74}},"41":{"start":{"line":372,"column":8},"end":{"line":372,"column":36}},"42":{"start":{"line":381,"column":8},"end":{"line":381,"column":52}},"43":{"start":{"line":382,"column":8},"end":{"line":382,"column":61}},"44":{"start":{"line":382,"column":49},"end":{"line":382,"column":61}},"45":{"start":{"line":383,"column":8},"end":{"line":383,"column":86}},"46":{"start":{"line":383,"column":74},"end":{"line":383,"column":86}},"47":{"start":{"line":384,"column":8},"end":{"line":384,"column":19}},"48":{"start":{"line":393,"column":8},"end":{"line":393,"column":52}},"49":{"start":{"line":394,"column":8},"end":{"line":394,"column":61}},"50":{"start":{"line":394,"column":49},"end":{"line":394,"column":61}},"51":{"start":{"line":395,"column":8},"end":{"line":395,"column":78}},"52":{"start":{"line":404,"column":8},"end":{"line":404,"column":41}},"53":{"start":{"line":413,"column":8},"end":{"line":413,"column":57}},"54":{"start":{"line":414,"column":8},"end":{"line":414,"column":38}},"55":{"start":{"line":416,"column":8},"end":{"line":416,"column":52}},"56":{"start":{"line":421,"column":8},"end":{"line":421,"column":15}},"57":{"start":{"line":426,"column":8},"end":{"line":426,"column":17}},"58":{"start":{"line":444,"column":8},"end":{"line":444,"column":44}},"59":{"start":{"line":445,"column":8},"end":{"line":445,"column":16596}},"60":{"start":{"line":450,"column":8},"end":{"line":450,"column":16808}},"61":{"start":{"line":451,"column":12},"end":{"line":451,"column":44}},"62":{"start":{"line":452,"column":12},"end":{"line":452,"column":16911}},"63":{"start":{"line":453,"column":16},"end":{"line":453,"column":31}},"64":{"start":{"line":454,"column":16},"end":{"line":454,"column":17023}},"65":{"start":{"line":458,"column":16},"end":{"line":458,"column":66}}},"branchMap":{"1":{"line":168,"type":"if","locations":[{"start":{"line":168,"column":8},"end":{"line":168,"column":8}},{"start":{"line":168,"column":8},"end":{"line":168,"column":8}}]},"2":{"line":191,"type":"if","locations":[{"start":{"line":191,"column":15},"end":{"line":191,"column":15}},{"start":{"line":191,"column":15},"end":{"line":191,"column":15}}]},"3":{"line":192,"type":"if","locations":[{"start":{"line":192,"column":8},"end":{"line":192,"column":8}},{"start":{"line":192,"column":8},"end":{"line":192,"column":8}}]},"4":{"line":193,"type":"if","locations":[{"start":{"line":193,"column":8},"end":{"line":193,"column":8}},{"start":{"line":193,"column":8},"end":{"line":193,"column":8}}]},"5":{"line":199,"type":"if","locations":[{"start":{"line":199,"column":8},"end":{"line":199,"column":8}},{"start":{"line":199,"column":8},"end":{"line":199,"column":8}}]},"6":{"line":203,"type":"if","locations":[{"start":{"line":203,"column":8},"end":{"line":203,"column":8}},{"start":{"line":203,"column":8},"end":{"line":203,"column":8}}]},"7":{"line":233,"type":"if","locations":[{"start":{"line":233,"column":56},"end":{"line":233,"column":56}},{"start":{"line":233,"column":56},"end":{"line":233,"column":56}}]},"8":{"line":233,"type":"if","locations":[{"start":{"line":233,"column":80},"end":{"line":233,"column":80}},{"start":{"line":233,"column":80},"end":{"line":233,"column":80}}]},"9":{"line":235,"type":"if","locations":[{"start":{"line":235,"column":8},"end":{"line":235,"column":8}},{"start":{"line":235,"column":8},"end":{"line":235,"column":8}}]},"10":{"line":237,"type":"if","locations":[{"start":{"line":237,"column":8},"end":{"line":237,"column":8}},{"start":{"line":237,"column":8},"end":{"line":237,"column":8}}]},"11":{"line":238,"type":"cond-expr","locations":[{"start":{"line":238,"column":12},"end":{"line":238,"column":45}},{"start":{"line":238,"column":50},"end":{"line":238,"column":84}}]},"12":{"line":242,"type":"if","locations":[{"start":{"line":242,"column":8},"end":{"line":242,"column":8}},{"start":{"line":242,"column":8},"end":{"line":242,"column":8}}]},"13":{"line":260,"type":"if","locations":[{"start":{"line":260,"column":15},"end":{"line":260,"column":15}},{"start":{"line":260,"column":15},"end":{"line":260,"column":15}}]},"14":{"line":260,"type":"if","locations":[{"start":{"line":260,"column":39},"end":{"line":260,"column":39}},{"start":{"line":260,"column":39},"end":{"line":260,"column":39}}]},"15":{"line":262,"type":"if","locations":[{"start":{"line":262,"column":8},"end":{"line":262,"column":8}},{"start":{"line":262,"column":8},"end":{"line":262,"column":8}}]},"16":{"line":263,"type":"if","locations":[{"start":{"line":263,"column":8},"end":{"line":263,"column":8}},{"start":{"line":263,"column":8},"end":{"line":263,"column":8}}]},"17":{"line":277,"type":"if","locations":[{"start":{"line":277,"column":59},"end":{"line":277,"column":59}},{"start":{"line":277,"column":59},"end":{"line":277,"column":59}}]},"18":{"line":277,"type":"if","locations":[{"start":{"line":277,"column":83},"end":{"line":277,"column":83}},{"start":{"line":277,"column":83},"end":{"line":277,"column":83}}]},"19":{"line":279,"type":"if","locations":[{"start":{"line":279,"column":8},"end":{"line":279,"column":8}},{"start":{"line":279,"column":8},"end":{"line":279,"column":8}}]},"20":{"line":280,"type":"if","locations":[{"start":{"line":280,"column":8},"end":{"line":280,"column":8}},{"start":{"line":280,"column":8},"end":{"line":280,"column":8}}]},"21":{"line":299,"type":"if","locations":[{"start":{"line":299,"column":15},"end":{"line":299,"column":15}},{"start":{"line":299,"column":15},"end":{"line":299,"column":15}}]},"22":{"line":301,"type":"if","locations":[{"start":{"line":301,"column":8},"end":{"line":301,"column":8}},{"start":{"line":301,"column":8},"end":{"line":301,"column":8}}]},"23":{"line":303,"type":"if","locations":[{"start":{"line":303,"column":8},"end":{"line":303,"column":8}},{"start":{"line":303,"column":8},"end":{"line":303,"column":8}}]},"24":{"line":324,"type":"if","locations":[{"start":{"line":324,"column":15},"end":{"line":324,"column":15}},{"start":{"line":324,"column":15},"end":{"line":324,"column":15}}]},"25":{"line":324,"type":"if","locations":[{"start":{"line":324,"column":36},"end":{"line":324,"column":36}},{"start":{"line":324,"column":36},"end":{"line":324,"column":36}}]},"26":{"line":326,"type":"if","locations":[{"start":{"line":326,"column":8},"end":{"line":326,"column":8}},{"start":{"line":326,"column":8},"end":{"line":326,"column":8}}]},"27":{"line":327,"type":"if","locations":[{"start":{"line":327,"column":8},"end":{"line":327,"column":8}},{"start":{"line":327,"column":8},"end":{"line":327,"column":8}}]},"28":{"line":330,"type":"if","locations":[{"start":{"line":330,"column":8},"end":{"line":330,"column":8}},{"start":{"line":330,"column":8},"end":{"line":330,"column":8}}]},"29":{"line":333,"type":"if","locations":[{"start":{"line":333,"column":8},"end":{"line":333,"column":8}},{"start":{"line":333,"column":8},"end":{"line":333,"column":8}}]},"30":{"line":350,"type":"if","locations":[{"start":{"line":350,"column":67},"end":{"line":350,"column":67}},{"start":{"line":350,"column":67},"end":{"line":350,"column":67}}]},"31":{"line":351,"type":"if","locations":[{"start":{"line":351,"column":8},"end":{"line":351,"column":8}},{"start":{"line":351,"column":8},"end":{"line":351,"column":8}}]},"32":{"line":354,"type":"if","locations":[{"start":{"line":354,"column":8},"end":{"line":354,"column":8}},{"start":{"line":354,"column":8},"end":{"line":354,"column":8}}]},"33":{"line":382,"type":"if","locations":[{"start":{"line":382,"column":8},"end":{"line":382,"column":8}},{"start":{"line":382,"column":8},"end":{"line":382,"column":8}}]},"34":{"line":383,"type":"if","locations":[{"start":{"line":383,"column":8},"end":{"line":383,"column":8}},{"start":{"line":383,"column":8},"end":{"line":383,"column":8}}]},"35":{"line":394,"type":"if","locations":[{"start":{"line":394,"column":8},"end":{"line":394,"column":8}},{"start":{"line":394,"column":8},"end":{"line":394,"column":8}}]},"36":{"line":412,"type":"if","locations":[{"start":{"line":412,"column":61},"end":{"line":412,"column":61}},{"start":{"line":412,"column":61},"end":{"line":412,"column":61}}]},"37":{"line":413,"type":"if","locations":[{"start":{"line":413,"column":8},"end":{"line":413,"column":8}},{"start":{"line":413,"column":8},"end":{"line":413,"column":8}}]},"38":{"line":420,"type":"if","locations":[{"start":{"line":420,"column":30},"end":{"line":420,"column":30}},{"start":{"line":420,"column":30},"end":{"line":420,"column":30}}]},"39":{"line":425,"type":"if","locations":[{"start":{"line":425,"column":32},"end":{"line":425,"column":32}},{"start":{"line":425,"column":32},"end":{"line":425,"column":32}}]},"40":{"line":445,"type":"if","locations":[{"start":{"line":445,"column":8},"end":{"line":445,"column":8}},{"start":{"line":445,"column":8},"end":{"line":445,"column":8}}]},"41":{"line":445,"type":"cond-expr","locations":[{"start":{"line":445,"column":12},"end":{"line":445,"column":35}},{"start":{"line":445,"column":40},"end":{"line":445,"column":63}}]},"42":{"line":450,"type":"if","locations":[{"start":{"line":450,"column":8},"end":{"line":450,"column":8}},{"start":{"line":450,"column":8},"end":{"line":450,"column":8}}]},"43":{"line":458,"type":"if","locations":[{"start":{"line":458,"column":16},"end":{"line":458,"column":16}},{"start":{"line":458,"column":16},"end":{"line":458,"column":16}}]}}},"src/ComplianceOracle.sol":{"l":{"202":10,"204":8,"205":8,"206":8,"207":8,"210":8,"231":32,"232":30,"234":28,"246":28,"247":28,"249":28,"257":13,"262":10,"263":10,"265":8,"266":8,"267":8,"269":8,"271":8,"272":8,"273":8,"276":8,"284":5,"285":5,"286":3,"288":3,"290":3,"298":11,"299":11,"300":11,"302":11,"307":9,"308":9,"309":9,"311":9,"314":9,"315":2,"316":2,"318":2,"319":2,"320":2,"321":2,"322":2,"343":6,"344":6,"345":5,"348":5,"351":5,"352":5,"354":3,"356":3,"372":3,"373":3,"374":3,"375":3,"376":3,"377":3,"379":3,"396":8,"398":4,"400":4,"401":4,"403":4,"406":4,"407":0,"422":4,"425":2,"426":2,"431":2,"432":2,"434":2,"436":2,"437":2,"459":14,"460":14,"461":12,"462":12,"464":9,"466":9,"475":9,"477":9,"486":2,"491":5,"496":2,"501":3,"506":1,"511":12,"512":8,"513":4,"522":4,"527":1,"536":2,"543":2,"548":10,"549":10,"551":10,"552":4,"553":4,"554":4,"557":10,"558":10},"path":"/Users/rameshtamilselvan/Downloads/aethelred/dApps/noblepay/contracts/src/ComplianceOracle.sol","s":{"1":10,"2":8,"3":8,"4":8,"5":8,"6":32,"7":30,"8":28,"9":28,"10":13,"11":10,"12":10,"13":8,"14":8,"15":8,"16":8,"17":8,"18":8,"19":5,"20":5,"21":3,"22":3,"23":11,"24":11,"25":11,"26":11,"27":9,"28":9,"29":9,"30":2,"31":2,"32":2,"33":2,"34":2,"35":6,"36":6,"37":5,"38":5,"39":5,"40":3,"41":3,"42":3,"43":8,"44":4,"45":4,"46":0,"47":4,"48":2,"49":2,"50":2,"51":2,"52":2,"53":14,"54":14,"55":12,"56":12,"57":9,"58":2,"59":5,"60":2,"61":3,"62":1,"63":12,"64":4,"65":8,"66":4,"67":4,"68":4,"69":1,"70":2,"71":10,"72":10,"73":10,"74":4,"75":10},"b":{"1":[2,8],"2":[32,1],"3":[32,0],"4":[2,30],"5":[2,28],"6":[13,0],"7":[13,0],"8":[10,3],"9":[3,7],"10":[2,8],"11":[8,0],"12":[8,0],"13":[5,0],"14":[2,3],"15":[0,3],"16":[11,0],"17":[11,0],"18":[0,11],"19":[0,11],"20":[9,2],"21":[2,7],"22":[2,0],"23":[2,0],"24":[6,0],"25":[6,0],"26":[1,5],"27":[0,5],"28":[2,3],"29":[3,0],"30":[3,0],"31":[8,0],"32":[4,4],"33":[2,2],"34":[0,4],"35":[4,0],"36":[2,2],"37":[2,0],"38":[2,0],"39":[14,1],"40":[2,12],"41":[0,12],"42":[3,9],"43":[4,8],"44":[4,4],"45":[4,2],"46":[1,1],"47":[4,6]},"f":{"1":10,"2":32,"3":13,"4":5,"5":11,"6":6,"7":3,"8":8,"9":4,"10":14,"11":2,"12":5,"13":2,"14":3,"15":1,"16":12,"17":4,"18":1,"19":2,"20":10},"fnMap":{"1":{"name":"constructor","line":201,"loc":{"start":{"line":201,"column":4},"end":{"line":216,"column":4}}},"2":{"name":"registerTEENode","line":230,"loc":{"start":{"line":227,"column":4},"end":{"line":250,"column":4}}},"3":{"name":"deregisterTEENode","line":256,"loc":{"start":{"line":256,"column":4},"end":{"line":277,"column":4}}},"4":{"name":"heartbeat","line":283,"loc":{"start":{"line":283,"column":4},"end":{"line":291,"column":4}}},"5":{"name":"slashOfflineNode","line":297,"loc":{"start":{"line":297,"column":4},"end":{"line":325,"column":4}}},"6":{"name":"verifyAttestation","line":342,"loc":{"start":{"line":338,"column":4},"end":{"line":357,"column":4}}},"7":{"name":"updateSanctionsList","line":371,"loc":{"start":{"line":368,"column":4},"end":{"line":380,"column":4}}},"8":{"name":"proposeThresholdUpdate","line":395,"loc":{"start":{"line":392,"column":4},"end":{"line":409,"column":4}}},"9":{"name":"approveThresholdUpdate","line":421,"loc":{"start":{"line":417,"column":4},"end":{"line":439,"column":4}}},"10":{"name":"submitScreeningResult","line":458,"loc":{"start":{"line":453,"column":4},"end":{"line":478,"column":4}}},"11":{"name":"getRiskThresholds","line":485,"loc":{"start":{"line":485,"column":4},"end":{"line":487,"column":4}}},"12":{"name":"getActiveTEENodeCount","line":490,"loc":{"start":{"line":490,"column":4},"end":{"line":492,"column":4}}},"13":{"name":"getTEENode","line":495,"loc":{"start":{"line":495,"column":4},"end":{"line":497,"column":4}}},"14":{"name":"getSanctionsListVersion","line":500,"loc":{"start":{"line":500,"column":4},"end":{"line":502,"column":4}}},"15":{"name":"isAttestationVerified","line":505,"loc":{"start":{"line":505,"column":4},"end":{"line":507,"column":4}}},"16":{"name":"classifyRisk","line":510,"loc":{"start":{"line":510,"column":4},"end":{"line":514,"column":4}}},"17":{"name":"pause","line":521,"loc":{"start":{"line":521,"column":4},"end":{"line":523,"column":4}}},"18":{"name":"unpause","line":526,"loc":{"start":{"line":526,"column":4},"end":{"line":528,"column":4}}},"19":{"name":"_applyThresholds","line":535,"loc":{"start":{"line":535,"column":4},"end":{"line":544,"column":4}}},"20":{"name":"_removeActiveNode","line":547,"loc":{"start":{"line":547,"column":4},"end":{"line":559,"column":4}}}},"statementMap":{"1":{"start":{"line":202,"column":8},"end":{"line":202,"column":54}},"2":{"start":{"line":204,"column":8},"end":{"line":204,"column":45}},"3":{"start":{"line":205,"column":8},"end":{"line":205,"column":37}},"4":{"start":{"line":206,"column":8},"end":{"line":206,"column":43}},"5":{"start":{"line":207,"column":8},"end":{"line":207,"column":49}},"6":{"start":{"line":231,"column":8},"end":{"line":231,"column":82}},"7":{"start":{"line":232,"column":8},"end":{"line":232,"column":81}},"8":{"start":{"line":247,"column":8},"end":{"line":247,"column":38}},"9":{"start":{"line":249,"column":8},"end":{"line":249,"column":66}},"10":{"start":{"line":257,"column":8},"end":{"line":257,"column":10324}},"11":{"start":{"line":262,"column":8},"end":{"line":262,"column":50}},"12":{"start":{"line":263,"column":8},"end":{"line":263,"column":57}},"13":{"start":{"line":265,"column":8},"end":{"line":265,"column":42}},"14":{"start":{"line":269,"column":8},"end":{"line":269,"column":35}},"15":{"start":{"line":271,"column":8},"end":{"line":271,"column":10742}},"16":{"start":{"line":272,"column":12},"end":{"line":272,"column":66}},"17":{"start":{"line":273,"column":12},"end":{"line":273,"column":63}},"18":{"start":{"line":276,"column":8},"end":{"line":276,"column":58}},"19":{"start":{"line":284,"column":8},"end":{"line":284,"column":51}},"20":{"start":{"line":285,"column":8},"end":{"line":285,"column":57}},"21":{"start":{"line":286,"column":8},"end":{"line":286,"column":71}},"22":{"start":{"line":290,"column":8},"end":{"line":290,"column":58}},"23":{"start":{"line":298,"column":8},"end":{"line":298,"column":50}},"24":{"start":{"line":299,"column":8},"end":{"line":299,"column":57}},"25":{"start":{"line":300,"column":8},"end":{"line":300,"column":71}},"26":{"start":{"line":302,"column":8},"end":{"line":302,"column":11908}},"27":{"start":{"line":307,"column":8},"end":{"line":307,"column":72}},"28":{"start":{"line":311,"column":8},"end":{"line":311,"column":68}},"29":{"start":{"line":314,"column":8},"end":{"line":314,"column":12310}},"30":{"start":{"line":316,"column":12},"end":{"line":316,"column":39}},"31":{"start":{"line":318,"column":12},"end":{"line":318,"column":42}},"32":{"start":{"line":320,"column":12},"end":{"line":320,"column":12532}},"33":{"start":{"line":321,"column":16},"end":{"line":321,"column":66}},"34":{"start":{"line":322,"column":16},"end":{"line":322,"column":67}},"35":{"start":{"line":343,"column":8},"end":{"line":343,"column":49}},"36":{"start":{"line":344,"column":8},"end":{"line":344,"column":57}},"37":{"start":{"line":345,"column":8},"end":{"line":345,"column":71}},"38":{"start":{"line":351,"column":8},"end":{"line":351,"column":57}},"39":{"start":{"line":352,"column":8},"end":{"line":352,"column":69}},"40":{"start":{"line":356,"column":8},"end":{"line":356,"column":59}},"41":{"start":{"line":372,"column":8},"end":{"line":372,"column":60}},"42":{"start":{"line":379,"column":8},"end":{"line":379,"column":67}},"43":{"start":{"line":396,"column":8},"end":{"line":396,"column":81}},"44":{"start":{"line":403,"column":8},"end":{"line":403,"column":69}},"45":{"start":{"line":406,"column":8},"end":{"line":406,"column":16069}},"46":{"start":{"line":407,"column":12},"end":{"line":407,"column":48}},"47":{"start":{"line":422,"column":8},"end":{"line":422,"column":80}},"48":{"start":{"line":425,"column":8},"end":{"line":425,"column":94}},"49":{"start":{"line":426,"column":8},"end":{"line":426,"column":16861}},"50":{"start":{"line":434,"column":8},"end":{"line":434,"column":61}},"51":{"start":{"line":436,"column":8},"end":{"line":436,"column":17172}},"52":{"start":{"line":437,"column":12},"end":{"line":437,"column":48}},"53":{"start":{"line":459,"column":8},"end":{"line":459,"column":51}},"54":{"start":{"line":460,"column":8},"end":{"line":460,"column":57}},"55":{"start":{"line":461,"column":8},"end":{"line":461,"column":71}},"56":{"start":{"line":462,"column":8},"end":{"line":462,"column":55}},"57":{"start":{"line":477,"column":8},"end":{"line":477,"column":71}},"58":{"start":{"line":486,"column":8},"end":{"line":486,"column":64}},"59":{"start":{"line":491,"column":8},"end":{"line":491,"column":36}},"60":{"start":{"line":496,"column":8},"end":{"line":496,"column":34}},"61":{"start":{"line":501,"column":8},"end":{"line":501,"column":46}},"62":{"start":{"line":506,"column":8},"end":{"line":506,"column":53}},"63":{"start":{"line":511,"column":8},"end":{"line":511,"column":57}},"64":{"start":{"line":511,"column":45},"end":{"line":511,"column":57}},"65":{"start":{"line":512,"column":8},"end":{"line":512,"column":63}},"66":{"start":{"line":512,"column":48},"end":{"line":512,"column":63}},"67":{"start":{"line":513,"column":8},"end":{"line":513,"column":21}},"68":{"start":{"line":522,"column":8},"end":{"line":522,"column":15}},"69":{"start":{"line":527,"column":8},"end":{"line":527,"column":17}},"70":{"start":{"line":543,"column":8},"end":{"line":543,"column":66}},"71":{"start":{"line":548,"column":8},"end":{"line":548,"column":54}},"72":{"start":{"line":549,"column":8},"end":{"line":549,"column":53}},"73":{"start":{"line":551,"column":8},"end":{"line":551,"column":21548}},"74":{"start":{"line":552,"column":12},"end":{"line":552,"column":56}},"75":{"start":{"line":557,"column":8},"end":{"line":557,"column":27}}},"branchMap":{"1":{"line":202,"type":"if","locations":[{"start":{"line":202,"column":8},"end":{"line":202,"column":8}},{"start":{"line":202,"column":8},"end":{"line":202,"column":8}}]},"2":{"line":230,"type":"if","locations":[{"start":{"line":230,"column":23},"end":{"line":230,"column":23}},{"start":{"line":230,"column":23},"end":{"line":230,"column":23}}]},"3":{"line":230,"type":"if","locations":[{"start":{"line":230,"column":37},"end":{"line":230,"column":37}},{"start":{"line":230,"column":37},"end":{"line":230,"column":37}}]},"4":{"line":231,"type":"if","locations":[{"start":{"line":231,"column":8},"end":{"line":231,"column":8}},{"start":{"line":231,"column":8},"end":{"line":231,"column":8}}]},"5":{"line":232,"type":"if","locations":[{"start":{"line":232,"column":8},"end":{"line":232,"column":8}},{"start":{"line":232,"column":8},"end":{"line":232,"column":8}}]},"6":{"line":256,"type":"if","locations":[{"start":{"line":256,"column":59},"end":{"line":256,"column":59}},{"start":{"line":256,"column":59},"end":{"line":256,"column":59}}]},"7":{"line":256,"type":"if","locations":[{"start":{"line":256,"column":73},"end":{"line":256,"column":73}},{"start":{"line":256,"column":73},"end":{"line":256,"column":73}}]},"8":{"line":257,"type":"if","locations":[{"start":{"line":257,"column":8},"end":{"line":257,"column":8}},{"start":{"line":257,"column":8},"end":{"line":257,"column":8}}]},"9":{"line":258,"type":"cond-expr","locations":[{"start":{"line":258,"column":12},"end":{"line":258,"column":34}},{"start":{"line":258,"column":39},"end":{"line":258,"column":75}}]},"10":{"line":263,"type":"if","locations":[{"start":{"line":263,"column":8},"end":{"line":263,"column":8}},{"start":{"line":263,"column":8},"end":{"line":263,"column":8}}]},"11":{"line":271,"type":"if","locations":[{"start":{"line":271,"column":8},"end":{"line":271,"column":8}},{"start":{"line":271,"column":8},"end":{"line":271,"column":8}}]},"12":{"line":273,"type":"if","locations":[{"start":{"line":273,"column":12},"end":{"line":273,"column":12}},{"start":{"line":273,"column":12},"end":{"line":273,"column":12}}]},"13":{"line":283,"type":"if","locations":[{"start":{"line":283,"column":34},"end":{"line":283,"column":34}},{"start":{"line":283,"column":34},"end":{"line":283,"column":34}}]},"14":{"line":285,"type":"if","locations":[{"start":{"line":285,"column":8},"end":{"line":285,"column":8}},{"start":{"line":285,"column":8},"end":{"line":285,"column":8}}]},"15":{"line":286,"type":"if","locations":[{"start":{"line":286,"column":8},"end":{"line":286,"column":8}},{"start":{"line":286,"column":8},"end":{"line":286,"column":8}}]},"16":{"line":297,"type":"if","locations":[{"start":{"line":297,"column":58},"end":{"line":297,"column":58}},{"start":{"line":297,"column":58},"end":{"line":297,"column":58}}]},"17":{"line":297,"type":"if","locations":[{"start":{"line":297,"column":85},"end":{"line":297,"column":85}},{"start":{"line":297,"column":85},"end":{"line":297,"column":85}}]},"18":{"line":299,"type":"if","locations":[{"start":{"line":299,"column":8},"end":{"line":299,"column":8}},{"start":{"line":299,"column":8},"end":{"line":299,"column":8}}]},"19":{"line":300,"type":"if","locations":[{"start":{"line":300,"column":8},"end":{"line":300,"column":8}},{"start":{"line":300,"column":8},"end":{"line":300,"column":8}}]},"20":{"line":302,"type":"if","locations":[{"start":{"line":302,"column":8},"end":{"line":302,"column":8}},{"start":{"line":302,"column":8},"end":{"line":302,"column":8}}]},"21":{"line":314,"type":"if","locations":[{"start":{"line":314,"column":8},"end":{"line":314,"column":8}},{"start":{"line":314,"column":8},"end":{"line":314,"column":8}}]},"22":{"line":320,"type":"if","locations":[{"start":{"line":320,"column":12},"end":{"line":320,"column":12}},{"start":{"line":320,"column":12},"end":{"line":320,"column":12}}]},"23":{"line":322,"type":"if","locations":[{"start":{"line":322,"column":16},"end":{"line":322,"column":16}},{"start":{"line":322,"column":16},"end":{"line":322,"column":16}}]},"24":{"line":342,"type":"if","locations":[{"start":{"line":342,"column":15},"end":{"line":342,"column":15}},{"start":{"line":342,"column":15},"end":{"line":342,"column":15}}]},"25":{"line":342,"type":"if","locations":[{"start":{"line":342,"column":42},"end":{"line":342,"column":42}},{"start":{"line":342,"column":42},"end":{"line":342,"column":42}}]},"26":{"line":344,"type":"if","locations":[{"start":{"line":344,"column":8},"end":{"line":344,"column":8}},{"start":{"line":344,"column":8},"end":{"line":344,"column":8}}]},"27":{"line":345,"type":"if","locations":[{"start":{"line":345,"column":8},"end":{"line":345,"column":8}},{"start":{"line":345,"column":8},"end":{"line":345,"column":8}}]},"28":{"line":352,"type":"if","locations":[{"start":{"line":352,"column":8},"end":{"line":352,"column":8}},{"start":{"line":352,"column":8},"end":{"line":352,"column":8}}]},"29":{"line":371,"type":"if","locations":[{"start":{"line":371,"column":15},"end":{"line":371,"column":15}},{"start":{"line":371,"column":15},"end":{"line":371,"column":15}}]},"30":{"line":371,"type":"if","locations":[{"start":{"line":371,"column":36},"end":{"line":371,"column":36}},{"start":{"line":371,"column":36},"end":{"line":371,"column":36}}]},"31":{"line":395,"type":"if","locations":[{"start":{"line":395,"column":15},"end":{"line":395,"column":15}},{"start":{"line":395,"column":15},"end":{"line":395,"column":15}}]},"32":{"line":396,"type":"if","locations":[{"start":{"line":396,"column":8},"end":{"line":396,"column":8}},{"start":{"line":396,"column":8},"end":{"line":396,"column":8}}]},"33":{"line":396,"type":"cond-expr","locations":[{"start":{"line":396,"column":12},"end":{"line":396,"column":32}},{"start":{"line":396,"column":37},"end":{"line":396,"column":52}}]},"34":{"line":406,"type":"if","locations":[{"start":{"line":406,"column":8},"end":{"line":406,"column":8}},{"start":{"line":406,"column":8},"end":{"line":406,"column":8}}]},"35":{"line":421,"type":"if","locations":[{"start":{"line":421,"column":15},"end":{"line":421,"column":15}},{"start":{"line":421,"column":15},"end":{"line":421,"column":15}}]},"36":{"line":422,"type":"if","locations":[{"start":{"line":422,"column":8},"end":{"line":422,"column":8}},{"start":{"line":422,"column":8},"end":{"line":422,"column":8}}]},"37":{"line":426,"type":"if","locations":[{"start":{"line":426,"column":8},"end":{"line":426,"column":8}},{"start":{"line":426,"column":8},"end":{"line":426,"column":8}}]},"38":{"line":436,"type":"if","locations":[{"start":{"line":436,"column":8},"end":{"line":436,"column":8}},{"start":{"line":436,"column":8},"end":{"line":436,"column":8}}]},"39":{"line":458,"type":"if","locations":[{"start":{"line":458,"column":15},"end":{"line":458,"column":15}},{"start":{"line":458,"column":15},"end":{"line":458,"column":15}}]},"40":{"line":460,"type":"if","locations":[{"start":{"line":460,"column":8},"end":{"line":460,"column":8}},{"start":{"line":460,"column":8},"end":{"line":460,"column":8}}]},"41":{"line":461,"type":"if","locations":[{"start":{"line":461,"column":8},"end":{"line":461,"column":8}},{"start":{"line":461,"column":8},"end":{"line":461,"column":8}}]},"42":{"line":462,"type":"if","locations":[{"start":{"line":462,"column":8},"end":{"line":462,"column":8}},{"start":{"line":462,"column":8},"end":{"line":462,"column":8}}]},"43":{"line":511,"type":"if","locations":[{"start":{"line":511,"column":8},"end":{"line":511,"column":8}},{"start":{"line":511,"column":8},"end":{"line":511,"column":8}}]},"44":{"line":512,"type":"if","locations":[{"start":{"line":512,"column":8},"end":{"line":512,"column":8}},{"start":{"line":512,"column":8},"end":{"line":512,"column":8}}]},"45":{"line":521,"type":"if","locations":[{"start":{"line":521,"column":30},"end":{"line":521,"column":30}},{"start":{"line":521,"column":30},"end":{"line":521,"column":30}}]},"46":{"line":526,"type":"if","locations":[{"start":{"line":526,"column":32},"end":{"line":526,"column":32}},{"start":{"line":526,"column":32},"end":{"line":526,"column":32}}]},"47":{"line":551,"type":"if","locations":[{"start":{"line":551,"column":8},"end":{"line":551,"column":8}},{"start":{"line":551,"column":8},"end":{"line":551,"column":8}}]}}},"src/CrossChainRouter.sol":{"l":{"268":9,"269":8,"282":14,"283":13,"285":12,"286":12,"288":12,"289":12,"310":42,"311":41,"312":39,"314":36,"315":36,"316":32,"317":28,"320":24,"321":24,"324":24,"327":24,"328":24,"329":24,"332":24,"336":24,"352":24,"354":24,"375":8,"376":8,"377":7,"378":0,"380":7,"382":6,"383":6,"384":6,"385":6,"387":6,"389":6,"400":4,"401":4,"402":3,"403":0,"406":3,"407":3,"410":3,"411":3,"412":3,"416":3,"418":3,"430":7,"431":7,"432":6,"437":6,"440":6,"441":2,"444":6,"459":11,"460":11,"461":10,"464":8,"470":8,"471":6,"472":1,"476":7,"479":7,"480":7,"482":0,"485":7,"487":7,"498":43,"499":41,"501":39,"511":39,"512":39,"514":39,"516":39,"526":8,"531":8,"532":8,"534":5,"535":5,"536":5,"538":5,"539":5,"541":5,"542":5,"543":5,"546":5,"574":20,"575":17,"576":14,"577":3,"580":11,"592":11,"594":11,"602":5,"603":3,"604":3,"609":14,"610":12,"611":12,"616":2,"617":1,"618":1,"619":1,"628":1,"633":5,"638":3,"643":2,"648":2,"661":2,"662":2,"664":1,"666":1,"680":4,"685":1,"698":5,"699":5,"701":5,"703":5,"704":3,"705":3,"706":3,"708":0,"711":2,"712":2,"713":2,"715":0,"719":2,"720":0,"721":0,"722":0,"726":5,"731":5,"732":5,"734":5,"735":2,"736":2,"737":2,"740":5,"741":5},"path":"/Users/rameshtamilselvan/Downloads/aethelred/dApps/noblepay/contracts/src/CrossChainRouter.sol","s":{"1":9,"2":14,"3":13,"4":12,"5":12,"6":42,"7":41,"8":39,"9":36,"10":36,"11":32,"12":28,"13":24,"14":24,"15":24,"16":24,"17":24,"18":24,"19":24,"20":24,"21":8,"22":8,"23":7,"24":7,"25":6,"26":6,"27":4,"28":4,"29":3,"30":3,"31":3,"32":3,"33":3,"34":3,"35":7,"36":7,"37":6,"38":6,"39":2,"40":6,"41":11,"42":11,"43":10,"44":8,"45":8,"46":6,"47":7,"48":7,"49":7,"50":7,"51":43,"52":41,"53":39,"54":39,"55":39,"56":8,"57":8,"58":8,"59":5,"60":5,"61":5,"62":5,"63":5,"64":5,"65":5,"66":20,"67":17,"68":14,"69":11,"70":11,"71":5,"72":3,"73":14,"74":12,"75":2,"76":1,"77":1,"78":1,"79":5,"80":3,"81":2,"82":2,"83":2,"84":2,"85":1,"86":4,"87":1,"88":5,"89":5,"90":0,"91":5,"92":5,"93":3,"94":2,"95":2,"96":0,"97":0,"98":5,"99":5,"100":5,"101":5,"102":2,"103":5},"b":{"1":[1,8],"2":[1,13],"3":[1,12],"4":[42,2],"5":[42,0],"6":[1,41],"7":[2,39],"8":[3,36],"9":[4,32],"10":[4,28],"11":[4,24],"12":[24,0],"13":[9,0],"14":[8,1],"15":[1,7],"16":[0,7],"17":[1,6],"18":[4,0],"19":[4,0],"20":[1,3],"21":[0,3],"22":[3,0],"23":[7,0],"24":[7,0],"25":[1,6],"26":[6,0],"27":[4,2],"28":[2,4],"29":[11,0],"30":[11,0],"31":[1,10],"32":[2,8],"33":[8,0],"34":[6,2],"35":[6,2],"36":[1,5],"37":[0,7],"38":[43,1],"39":[43,0],"40":[2,41],"41":[2,39],"42":[8,0],"43":[8,0],"44":[8,0],"45":[3,5],"46":[3,5],"47":[5,0],"48":[5,0],"49":[20,1],"50":[3,17],"51":[3,14],"52":[3,11],"53":[5,1],"54":[2,3],"55":[14,1],"56":[2,12],"57":[2,0],"58":[1,1],"59":[1,1],"60":[4,1],"61":[1,0],"62":[0,5],"63":[3,2],"64":[3,0],"65":[2,0],"66":[0,2],"67":[2,3]},"f":{"1":9,"2":14,"3":42,"4":8,"5":4,"6":7,"7":11,"8":43,"9":8,"10":20,"11":5,"12":14,"13":2,"14":1,"15":5,"16":3,"17":2,"18":2,"19":2,"20":4,"21":1,"22":5,"23":5},"fnMap":{"1":{"name":"onlyActiveRelay","line":267,"loc":{"start":{"line":267,"column":4},"end":{"line":270,"column":4}}},"2":{"name":"constructor","line":281,"loc":{"start":{"line":281,"column":4},"end":{"line":290,"column":4}}},"3":{"name":"initiateTransfer","line":309,"loc":{"start":{"line":304,"column":4},"end":{"line":358,"column":4}}},"4":{"name":"submitRelayProof","line":374,"loc":{"start":{"line":370,"column":4},"end":{"line":390,"column":4}}},"5":{"name":"confirmTransfer","line":399,"loc":{"start":{"line":397,"column":4},"end":{"line":419,"column":4}}},"6":{"name":"markTransferFailed","line":429,"loc":{"start":{"line":426,"column":4},"end":{"line":445,"column":4}}},"7":{"name":"recoverTransfer","line":458,"loc":{"start":{"line":456,"column":4},"end":{"line":488,"column":4}}},"8":{"name":"registerRelay","line":497,"loc":{"start":{"line":497,"column":4},"end":{"line":517,"column":4}}},"9":{"name":"deregisterRelay","line":525,"loc":{"start":{"line":523,"column":4},"end":{"line":547,"column":4}}},"10":{"name":"addChain","line":573,"loc":{"start":{"line":564,"column":4},"end":{"line":595,"column":4}}},"11":{"name":"removeChain","line":601,"loc":{"start":{"line":601,"column":4},"end":{"line":605,"column":4}}},"12":{"name":"setTokenSupport","line":608,"loc":{"start":{"line":608,"column":4},"end":{"line":612,"column":4}}},"13":{"name":"setTreasury","line":615,"loc":{"start":{"line":615,"column":4},"end":{"line":620,"column":4}}},"14":{"name":"getTransfer","line":627,"loc":{"start":{"line":627,"column":4},"end":{"line":629,"column":4}}},"15":{"name":"getRelayNode","line":632,"loc":{"start":{"line":632,"column":4},"end":{"line":634,"column":4}}},"16":{"name":"getActiveRelayCount","line":637,"loc":{"start":{"line":637,"column":4},"end":{"line":639,"column":4}}},"17":{"name":"getSupportedChainCount","line":642,"loc":{"start":{"line":642,"column":4},"end":{"line":644,"column":4}}},"18":{"name":"getSenderTransferCount","line":647,"loc":{"start":{"line":647,"column":4},"end":{"line":649,"column":4}}},"19":{"name":"estimateFee","line":657,"loc":{"start":{"line":657,"column":4},"end":{"line":672,"column":4}}},"20":{"name":"pause","line":679,"loc":{"start":{"line":679,"column":4},"end":{"line":681,"column":4}}},"21":{"name":"unpause","line":684,"loc":{"start":{"line":684,"column":4},"end":{"line":686,"column":4}}},"22":{"name":"_updateReputation","line":697,"loc":{"start":{"line":697,"column":4},"end":{"line":727,"column":4}}},"23":{"name":"_removeActiveRelay","line":730,"loc":{"start":{"line":730,"column":4},"end":{"line":742,"column":4}}}},"statementMap":{"1":{"start":{"line":268,"column":8},"end":{"line":268,"column":67}},"2":{"start":{"line":282,"column":8},"end":{"line":282,"column":54}},"3":{"start":{"line":283,"column":8},"end":{"line":283,"column":57}},"4":{"start":{"line":285,"column":8},"end":{"line":285,"column":45}},"5":{"start":{"line":286,"column":8},"end":{"line":286,"column":44}},"6":{"start":{"line":310,"column":8},"end":{"line":310,"column":60}},"7":{"start":{"line":311,"column":8},"end":{"line":311,"column":45}},"8":{"start":{"line":312,"column":8},"end":{"line":312,"column":81}},"9":{"start":{"line":314,"column":8},"end":{"line":314,"column":69}},"10":{"start":{"line":315,"column":8},"end":{"line":315,"column":71}},"11":{"start":{"line":316,"column":8},"end":{"line":316,"column":106}},"12":{"start":{"line":317,"column":8},"end":{"line":317,"column":106}},"13":{"start":{"line":320,"column":8},"end":{"line":320,"column":74}},"14":{"start":{"line":321,"column":8},"end":{"line":321,"column":45}},"15":{"start":{"line":324,"column":8},"end":{"line":324,"column":86}},"16":{"start":{"line":327,"column":8},"end":{"line":327,"column":60}},"17":{"start":{"line":328,"column":8},"end":{"line":328,"column":12780}},"18":{"start":{"line":329,"column":12},"end":{"line":329,"column":67}},"19":{"start":{"line":352,"column":8},"end":{"line":352,"column":51}},"20":{"start":{"line":354,"column":8},"end":{"line":354,"column":13659}},"21":{"start":{"line":375,"column":8},"end":{"line":375,"column":51}},"22":{"start":{"line":376,"column":8},"end":{"line":376,"column":61}},"23":{"start":{"line":377,"column":8},"end":{"line":377,"column":14580}},"24":{"start":{"line":380,"column":8},"end":{"line":380,"column":53}},"25":{"start":{"line":387,"column":8},"end":{"line":387,"column":53}},"26":{"start":{"line":389,"column":8},"end":{"line":389,"column":73}},"27":{"start":{"line":400,"column":8},"end":{"line":400,"column":51}},"28":{"start":{"line":401,"column":8},"end":{"line":401,"column":61}},"29":{"start":{"line":402,"column":8},"end":{"line":402,"column":15504}},"30":{"start":{"line":410,"column":8},"end":{"line":410,"column":67}},"31":{"start":{"line":411,"column":8},"end":{"line":411,"column":15861}},"32":{"start":{"line":412,"column":12},"end":{"line":412,"column":72}},"33":{"start":{"line":416,"column":8},"end":{"line":416,"column":47}},"34":{"start":{"line":418,"column":8},"end":{"line":418,"column":60}},"35":{"start":{"line":430,"column":8},"end":{"line":430,"column":51}},"36":{"start":{"line":431,"column":8},"end":{"line":431,"column":61}},"37":{"start":{"line":432,"column":8},"end":{"line":432,"column":16620}},"38":{"start":{"line":440,"column":8},"end":{"line":440,"column":16885}},"39":{"start":{"line":441,"column":12},"end":{"line":441,"column":52}},"40":{"start":{"line":444,"column":8},"end":{"line":444,"column":66}},"41":{"start":{"line":459,"column":8},"end":{"line":459,"column":51}},"42":{"start":{"line":460,"column":8},"end":{"line":460,"column":61}},"43":{"start":{"line":461,"column":8},"end":{"line":461,"column":100}},"44":{"start":{"line":464,"column":8},"end":{"line":464,"column":17817}},"45":{"start":{"line":470,"column":8},"end":{"line":470,"column":18057}},"46":{"start":{"line":471,"column":12},"end":{"line":471,"column":18117}},"47":{"start":{"line":479,"column":8},"end":{"line":479,"column":39}},"48":{"start":{"line":480,"column":8},"end":{"line":480,"column":18413}},"49":{"start":{"line":485,"column":8},"end":{"line":485,"column":65}},"50":{"start":{"line":487,"column":8},"end":{"line":487,"column":84}},"51":{"start":{"line":498,"column":8},"end":{"line":498,"column":85}},"52":{"start":{"line":499,"column":8},"end":{"line":499,"column":93}},"53":{"start":{"line":512,"column":8},"end":{"line":512,"column":36}},"54":{"start":{"line":514,"column":8},"end":{"line":514,"column":50}},"55":{"start":{"line":516,"column":8},"end":{"line":516,"column":71}},"56":{"start":{"line":526,"column":8},"end":{"line":526,"column":19993}},"57":{"start":{"line":531,"column":8},"end":{"line":531,"column":54}},"58":{"start":{"line":532,"column":8},"end":{"line":532,"column":58}},"59":{"start":{"line":534,"column":8},"end":{"line":534,"column":42}},"60":{"start":{"line":538,"column":8},"end":{"line":538,"column":36}},"61":{"start":{"line":539,"column":8},"end":{"line":539,"column":50}},"62":{"start":{"line":541,"column":8},"end":{"line":541,"column":20454}},"63":{"start":{"line":542,"column":12},"end":{"line":542,"column":66}},"64":{"start":{"line":543,"column":12},"end":{"line":543,"column":63}},"65":{"start":{"line":546,"column":8},"end":{"line":546,"column":56}},"66":{"start":{"line":574,"column":8},"end":{"line":574,"column":84}},"67":{"start":{"line":575,"column":8},"end":{"line":575,"column":92}},"68":{"start":{"line":576,"column":8},"end":{"line":576,"column":21885}},"69":{"start":{"line":592,"column":8},"end":{"line":592,"column":39}},"70":{"start":{"line":594,"column":8},"end":{"line":594,"column":40}},"71":{"start":{"line":602,"column":8},"end":{"line":602,"column":82}},"72":{"start":{"line":604,"column":8},"end":{"line":604,"column":35}},"73":{"start":{"line":609,"column":8},"end":{"line":609,"column":54}},"74":{"start":{"line":611,"column":8},"end":{"line":611,"column":52}},"75":{"start":{"line":616,"column":8},"end":{"line":616,"column":60}},"76":{"start":{"line":617,"column":8},"end":{"line":617,"column":30}},"77":{"start":{"line":619,"column":8},"end":{"line":619,"column":47}},"78":{"start":{"line":628,"column":8},"end":{"line":628,"column":37}},"79":{"start":{"line":633,"column":8},"end":{"line":633,"column":36}},"80":{"start":{"line":638,"column":8},"end":{"line":638,"column":34}},"81":{"start":{"line":643,"column":8},"end":{"line":643,"column":39}},"82":{"start":{"line":648,"column":8},"end":{"line":648,"column":46}},"83":{"start":{"line":661,"column":8},"end":{"line":661,"column":69}},"84":{"start":{"line":662,"column":8},"end":{"line":662,"column":71}},"85":{"start":{"line":664,"column":8},"end":{"line":664,"column":68}},"86":{"start":{"line":680,"column":8},"end":{"line":680,"column":15}},"87":{"start":{"line":685,"column":8},"end":{"line":685,"column":17}},"88":{"start":{"line":698,"column":8},"end":{"line":698,"column":54}},"89":{"start":{"line":699,"column":8},"end":{"line":699,"column":42}},"90":{"start":{"line":699,"column":36},"end":{"line":699,"column":42}},"91":{"start":{"line":701,"column":8},"end":{"line":701,"column":47}},"92":{"start":{"line":703,"column":8},"end":{"line":703,"column":26502}},"93":{"start":{"line":705,"column":12},"end":{"line":705,"column":26567}},"94":{"start":{"line":712,"column":12},"end":{"line":712,"column":26802}},"95":{"start":{"line":719,"column":12},"end":{"line":719,"column":27040}},"96":{"start":{"line":721,"column":16},"end":{"line":721,"column":44}},"97":{"start":{"line":722,"column":16},"end":{"line":722,"column":58}},"98":{"start":{"line":726,"column":8},"end":{"line":726,"column":78}},"99":{"start":{"line":731,"column":8},"end":{"line":731,"column":52}},"100":{"start":{"line":732,"column":8},"end":{"line":732,"column":51}},"101":{"start":{"line":734,"column":8},"end":{"line":734,"column":27569}},"102":{"start":{"line":735,"column":12},"end":{"line":735,"column":55}},"103":{"start":{"line":740,"column":8},"end":{"line":740,"column":25}}},"branchMap":{"1":{"line":268,"type":"if","locations":[{"start":{"line":268,"column":8},"end":{"line":268,"column":8}},{"start":{"line":268,"column":8},"end":{"line":268,"column":8}}]},"2":{"line":282,"type":"if","locations":[{"start":{"line":282,"column":8},"end":{"line":282,"column":8}},{"start":{"line":282,"column":8},"end":{"line":282,"column":8}}]},"3":{"line":283,"type":"if","locations":[{"start":{"line":283,"column":8},"end":{"line":283,"column":8}},{"start":{"line":283,"column":8},"end":{"line":283,"column":8}}]},"4":{"line":309,"type":"if","locations":[{"start":{"line":309,"column":15},"end":{"line":309,"column":15}},{"start":{"line":309,"column":15},"end":{"line":309,"column":15}}]},"5":{"line":309,"type":"if","locations":[{"start":{"line":309,"column":29},"end":{"line":309,"column":29}},{"start":{"line":309,"column":29},"end":{"line":309,"column":29}}]},"6":{"line":310,"type":"if","locations":[{"start":{"line":310,"column":8},"end":{"line":310,"column":8}},{"start":{"line":310,"column":8},"end":{"line":310,"column":8}}]},"7":{"line":311,"type":"if","locations":[{"start":{"line":311,"column":8},"end":{"line":311,"column":8}},{"start":{"line":311,"column":8},"end":{"line":311,"column":8}}]},"8":{"line":312,"type":"if","locations":[{"start":{"line":312,"column":8},"end":{"line":312,"column":8}},{"start":{"line":312,"column":8},"end":{"line":312,"column":8}}]},"9":{"line":315,"type":"if","locations":[{"start":{"line":315,"column":8},"end":{"line":315,"column":8}},{"start":{"line":315,"column":8},"end":{"line":315,"column":8}}]},"10":{"line":316,"type":"if","locations":[{"start":{"line":316,"column":8},"end":{"line":316,"column":8}},{"start":{"line":316,"column":8},"end":{"line":316,"column":8}}]},"11":{"line":317,"type":"if","locations":[{"start":{"line":317,"column":8},"end":{"line":317,"column":8}},{"start":{"line":317,"column":8},"end":{"line":317,"column":8}}]},"12":{"line":328,"type":"if","locations":[{"start":{"line":328,"column":8},"end":{"line":328,"column":8}},{"start":{"line":328,"column":8},"end":{"line":328,"column":8}}]},"13":{"line":374,"type":"if","locations":[{"start":{"line":374,"column":15},"end":{"line":374,"column":15}},{"start":{"line":374,"column":15},"end":{"line":374,"column":15}}]},"14":{"line":374,"type":"if","locations":[{"start":{"line":374,"column":29},"end":{"line":374,"column":29}},{"start":{"line":374,"column":29},"end":{"line":374,"column":29}}]},"15":{"line":376,"type":"if","locations":[{"start":{"line":376,"column":8},"end":{"line":376,"column":8}},{"start":{"line":376,"column":8},"end":{"line":376,"column":8}}]},"16":{"line":377,"type":"if","locations":[{"start":{"line":377,"column":8},"end":{"line":377,"column":8}},{"start":{"line":377,"column":8},"end":{"line":377,"column":8}}]},"17":{"line":380,"type":"if","locations":[{"start":{"line":380,"column":8},"end":{"line":380,"column":8}},{"start":{"line":380,"column":8},"end":{"line":380,"column":8}}]},"18":{"line":399,"type":"if","locations":[{"start":{"line":399,"column":15},"end":{"line":399,"column":15}},{"start":{"line":399,"column":15},"end":{"line":399,"column":15}}]},"19":{"line":399,"type":"if","locations":[{"start":{"line":399,"column":43},"end":{"line":399,"column":43}},{"start":{"line":399,"column":43},"end":{"line":399,"column":43}}]},"20":{"line":401,"type":"if","locations":[{"start":{"line":401,"column":8},"end":{"line":401,"column":8}},{"start":{"line":401,"column":8},"end":{"line":401,"column":8}}]},"21":{"line":402,"type":"if","locations":[{"start":{"line":402,"column":8},"end":{"line":402,"column":8}},{"start":{"line":402,"column":8},"end":{"line":402,"column":8}}]},"22":{"line":411,"type":"if","locations":[{"start":{"line":411,"column":8},"end":{"line":411,"column":8}},{"start":{"line":411,"column":8},"end":{"line":411,"column":8}}]},"23":{"line":429,"type":"if","locations":[{"start":{"line":429,"column":15},"end":{"line":429,"column":15}},{"start":{"line":429,"column":15},"end":{"line":429,"column":15}}]},"24":{"line":429,"type":"if","locations":[{"start":{"line":429,"column":43},"end":{"line":429,"column":43}},{"start":{"line":429,"column":43},"end":{"line":429,"column":43}}]},"25":{"line":431,"type":"if","locations":[{"start":{"line":431,"column":8},"end":{"line":431,"column":8}},{"start":{"line":431,"column":8},"end":{"line":431,"column":8}}]},"26":{"line":432,"type":"if","locations":[{"start":{"line":432,"column":8},"end":{"line":432,"column":8}},{"start":{"line":432,"column":8},"end":{"line":432,"column":8}}]},"27":{"line":433,"type":"cond-expr","locations":[{"start":{"line":433,"column":12},"end":{"line":433,"column":47}},{"start":{"line":433,"column":52},"end":{"line":433,"column":85}}]},"28":{"line":440,"type":"if","locations":[{"start":{"line":440,"column":8},"end":{"line":440,"column":8}},{"start":{"line":440,"column":8},"end":{"line":440,"column":8}}]},"29":{"line":458,"type":"if","locations":[{"start":{"line":458,"column":15},"end":{"line":458,"column":15}},{"start":{"line":458,"column":15},"end":{"line":458,"column":15}}]},"30":{"line":458,"type":"if","locations":[{"start":{"line":458,"column":29},"end":{"line":458,"column":29}},{"start":{"line":458,"column":29},"end":{"line":458,"column":29}}]},"31":{"line":460,"type":"if","locations":[{"start":{"line":460,"column":8},"end":{"line":460,"column":8}},{"start":{"line":460,"column":8},"end":{"line":460,"column":8}}]},"32":{"line":461,"type":"if","locations":[{"start":{"line":461,"column":8},"end":{"line":461,"column":8}},{"start":{"line":461,"column":8},"end":{"line":461,"column":8}}]},"33":{"line":464,"type":"if","locations":[{"start":{"line":464,"column":8},"end":{"line":464,"column":8}},{"start":{"line":464,"column":8},"end":{"line":464,"column":8}}]},"34":{"line":465,"type":"cond-expr","locations":[{"start":{"line":465,"column":12},"end":{"line":465,"column":47}},{"start":{"line":465,"column":52},"end":{"line":465,"column":84}}]},"35":{"line":470,"type":"if","locations":[{"start":{"line":470,"column":8},"end":{"line":470,"column":8}},{"start":{"line":470,"column":8},"end":{"line":470,"column":8}}]},"36":{"line":471,"type":"if","locations":[{"start":{"line":471,"column":12},"end":{"line":471,"column":12}},{"start":{"line":471,"column":12},"end":{"line":471,"column":12}}]},"37":{"line":480,"type":"if","locations":[{"start":{"line":480,"column":8},"end":{"line":480,"column":8}},{"start":{"line":480,"column":8},"end":{"line":480,"column":8}}]},"38":{"line":497,"type":"if","locations":[{"start":{"line":497,"column":46},"end":{"line":497,"column":46}},{"start":{"line":497,"column":46},"end":{"line":497,"column":46}}]},"39":{"line":497,"type":"if","locations":[{"start":{"line":497,"column":60},"end":{"line":497,"column":60}},{"start":{"line":497,"column":60},"end":{"line":497,"column":60}}]},"40":{"line":498,"type":"if","locations":[{"start":{"line":498,"column":8},"end":{"line":498,"column":8}},{"start":{"line":498,"column":8},"end":{"line":498,"column":8}}]},"41":{"line":499,"type":"if","locations":[{"start":{"line":499,"column":8},"end":{"line":499,"column":8}},{"start":{"line":499,"column":8},"end":{"line":499,"column":8}}]},"42":{"line":525,"type":"if","locations":[{"start":{"line":525,"column":15},"end":{"line":525,"column":15}},{"start":{"line":525,"column":15},"end":{"line":525,"column":15}}]},"43":{"line":525,"type":"if","locations":[{"start":{"line":525,"column":29},"end":{"line":525,"column":29}},{"start":{"line":525,"column":29},"end":{"line":525,"column":29}}]},"44":{"line":526,"type":"if","locations":[{"start":{"line":526,"column":8},"end":{"line":526,"column":8}},{"start":{"line":526,"column":8},"end":{"line":526,"column":8}}]},"45":{"line":527,"type":"cond-expr","locations":[{"start":{"line":527,"column":12},"end":{"line":527,"column":34}},{"start":{"line":527,"column":39},"end":{"line":527,"column":76}}]},"46":{"line":532,"type":"if","locations":[{"start":{"line":532,"column":8},"end":{"line":532,"column":8}},{"start":{"line":532,"column":8},"end":{"line":532,"column":8}}]},"47":{"line":541,"type":"if","locations":[{"start":{"line":541,"column":8},"end":{"line":541,"column":8}},{"start":{"line":541,"column":8},"end":{"line":541,"column":8}}]},"48":{"line":543,"type":"if","locations":[{"start":{"line":543,"column":12},"end":{"line":543,"column":12}},{"start":{"line":543,"column":12},"end":{"line":543,"column":12}}]},"49":{"line":573,"type":"if","locations":[{"start":{"line":573,"column":15},"end":{"line":573,"column":15}},{"start":{"line":573,"column":15},"end":{"line":573,"column":15}}]},"50":{"line":574,"type":"if","locations":[{"start":{"line":574,"column":8},"end":{"line":574,"column":8}},{"start":{"line":574,"column":8},"end":{"line":574,"column":8}}]},"51":{"line":575,"type":"if","locations":[{"start":{"line":575,"column":8},"end":{"line":575,"column":8}},{"start":{"line":575,"column":8},"end":{"line":575,"column":8}}]},"52":{"line":576,"type":"if","locations":[{"start":{"line":576,"column":8},"end":{"line":576,"column":8}},{"start":{"line":576,"column":8},"end":{"line":576,"column":8}}]},"53":{"line":601,"type":"if","locations":[{"start":{"line":601,"column":52},"end":{"line":601,"column":52}},{"start":{"line":601,"column":52},"end":{"line":601,"column":52}}]},"54":{"line":602,"type":"if","locations":[{"start":{"line":602,"column":8},"end":{"line":602,"column":8}},{"start":{"line":602,"column":8},"end":{"line":602,"column":8}}]},"55":{"line":608,"type":"if","locations":[{"start":{"line":608,"column":71},"end":{"line":608,"column":71}},{"start":{"line":608,"column":71},"end":{"line":608,"column":71}}]},"56":{"line":609,"type":"if","locations":[{"start":{"line":609,"column":8},"end":{"line":609,"column":8}},{"start":{"line":609,"column":8},"end":{"line":609,"column":8}}]},"57":{"line":615,"type":"if","locations":[{"start":{"line":615,"column":56},"end":{"line":615,"column":56}},{"start":{"line":615,"column":56},"end":{"line":615,"column":56}}]},"58":{"line":616,"type":"if","locations":[{"start":{"line":616,"column":8},"end":{"line":616,"column":8}},{"start":{"line":616,"column":8},"end":{"line":616,"column":8}}]},"59":{"line":662,"type":"if","locations":[{"start":{"line":662,"column":8},"end":{"line":662,"column":8}},{"start":{"line":662,"column":8},"end":{"line":662,"column":8}}]},"60":{"line":679,"type":"if","locations":[{"start":{"line":679,"column":30},"end":{"line":679,"column":30}},{"start":{"line":679,"column":30},"end":{"line":679,"column":30}}]},"61":{"line":684,"type":"if","locations":[{"start":{"line":684,"column":32},"end":{"line":684,"column":32}},{"start":{"line":684,"column":32},"end":{"line":684,"column":32}}]},"62":{"line":699,"type":"if","locations":[{"start":{"line":699,"column":8},"end":{"line":699,"column":8}},{"start":{"line":699,"column":8},"end":{"line":699,"column":8}}]},"63":{"line":703,"type":"if","locations":[{"start":{"line":703,"column":8},"end":{"line":703,"column":8}},{"start":{"line":703,"column":8},"end":{"line":703,"column":8}}]},"64":{"line":705,"type":"if","locations":[{"start":{"line":705,"column":12},"end":{"line":705,"column":12}},{"start":{"line":705,"column":12},"end":{"line":705,"column":12}}]},"65":{"line":712,"type":"if","locations":[{"start":{"line":712,"column":12},"end":{"line":712,"column":12}},{"start":{"line":712,"column":12},"end":{"line":712,"column":12}}]},"66":{"line":719,"type":"if","locations":[{"start":{"line":719,"column":12},"end":{"line":719,"column":12}},{"start":{"line":719,"column":12},"end":{"line":719,"column":12}}]},"67":{"line":734,"type":"if","locations":[{"start":{"line":734,"column":8},"end":{"line":734,"column":8}},{"start":{"line":734,"column":8},"end":{"line":734,"column":8}}]}}},"src/FXHedgingVault.sol":{"l":{"342":16,"343":14,"344":12,"346":11,"347":11,"349":11,"350":11,"366":45,"367":44,"369":42,"376":42,"388":4,"390":3,"391":4,"392":3,"394":2,"401":2,"403":2,"427":55,"430":40,"431":40,"434":39,"435":39,"436":39,"437":2,"440":37,"444":37,"464":37,"465":37,"466":37,"467":37,"468":37,"471":37,"473":37,"504":17,"508":16,"509":16,"511":15,"515":15,"535":15,"536":15,"537":15,"538":15,"539":15,"540":15,"543":15,"544":15,"547":15,"548":14,"551":15,"564":14,"565":14,"566":13,"567":12,"568":12,"569":12,"571":11,"572":11,"575":10,"576":10,"578":10,"580":6,"581":6,"582":6,"585":4,"586":4,"587":4,"591":10,"592":10,"593":6,"595":4,"596":4,"599":10,"600":10,"601":10,"604":10,"605":10,"606":10,"607":10,"608":10,"609":5,"613":10,"614":6,"616":9,"617":5,"620":9,"628":8,"629":8,"630":8,"631":7,"632":7,"636":7,"638":6,"639":6,"642":6,"643":6,"645":6,"647":3,"648":3,"649":2,"653":3,"654":3,"655":2,"659":6,"661":4,"662":4,"663":4,"665":4,"666":4,"667":4,"670":4,"671":4,"672":4,"673":4,"674":4,"676":4,"677":4,"678":3,"681":4,"689":3,"690":3,"691":3,"692":3,"696":3,"698":2,"699":2,"702":2,"703":2,"704":2,"705":2,"707":2,"708":2,"711":2,"727":3,"728":3,"729":3,"730":2,"731":2,"733":1,"734":1,"736":1,"738":1,"749":4,"750":4,"751":4,"753":3,"754":3,"757":3,"758":3,"761":3,"762":3,"763":3,"764":2,"768":3,"772":3,"775":2,"776":2,"779":2,"781":2,"782":2,"785":2,"786":2,"787":2,"788":2,"791":2,"792":2,"794":2,"795":2,"798":2,"810":4,"811":4,"812":4,"814":4,"815":4,"818":4,"819":4,"820":4,"823":4,"824":4,"825":2,"828":4,"842":4,"843":4,"845":4,"846":4,"849":4,"850":4,"851":4,"856":4,"857":4,"858":3,"861":4,"864":4,"873":4,"888":5,"889":5,"890":5,"892":4,"893":4,"895":4,"896":4,"897":4,"898":4,"900":4,"901":4,"904":4,"913":1,"914":1,"919":9,"924":1,"929":1,"934":0,"939":0,"944":1,"949":3,"950":3,"952":3,"953":3,"955":1,"956":1,"958":1,"959":1,"960":0,"963":1,"967":1,"989":16,"990":16,"992":14,"1002":14,"1004":14,"1009":4,"1010":4,"1011":4,"1016":12,"1017":12,"1018":12,"1023":2,"1024":2,"1025":2,"1026":2,"1031":6,"1032":4,"1033":4,"1034":4,"1039":5,"1044":2,"1060":71,"1061":71,"1062":69,"1063":67,"1064":64,"1065":61,"1066":59,"1067":56,"1068":0,"1076":68,"1077":2},"path":"/Users/rameshtamilselvan/Downloads/aethelred/dApps/noblepay/contracts/src/FXHedgingVault.sol","s":{"1":16,"2":14,"3":12,"4":11,"5":11,"6":45,"7":44,"8":42,"9":4,"10":3,"11":4,"12":3,"13":2,"14":55,"15":40,"16":40,"17":39,"18":39,"19":39,"20":37,"21":37,"22":37,"23":37,"24":17,"25":16,"26":16,"27":15,"28":15,"29":15,"30":15,"31":15,"32":14,"33":15,"34":14,"35":14,"36":13,"37":12,"38":12,"39":12,"40":11,"41":11,"42":10,"43":10,"44":10,"45":6,"46":4,"47":10,"48":10,"49":10,"50":10,"51":10,"52":6,"53":9,"54":5,"55":9,"56":8,"57":8,"58":8,"59":7,"60":7,"61":7,"62":6,"63":6,"64":6,"65":6,"66":6,"67":3,"68":3,"69":6,"70":4,"71":4,"72":4,"73":4,"74":4,"75":3,"76":4,"77":3,"78":3,"79":3,"80":3,"81":3,"82":2,"83":2,"84":2,"85":2,"86":3,"87":3,"88":3,"89":2,"90":2,"91":1,"92":1,"93":4,"94":4,"95":4,"96":3,"97":3,"98":3,"99":3,"100":3,"101":3,"102":3,"103":3,"104":3,"105":2,"106":2,"107":2,"108":2,"109":2,"110":2,"111":2,"112":2,"113":2,"114":4,"115":4,"116":4,"117":4,"118":4,"119":4,"120":4,"121":4,"122":4,"123":4,"124":4,"125":4,"126":4,"127":4,"128":4,"129":4,"130":4,"131":4,"132":4,"133":4,"134":5,"135":5,"136":5,"137":4,"138":4,"139":4,"140":4,"141":1,"142":1,"143":9,"144":1,"145":1,"146":0,"147":0,"148":1,"149":3,"150":3,"151":0,"152":3,"153":3,"154":2,"155":1,"156":1,"157":1,"158":1,"159":1,"160":1,"161":16,"162":16,"163":14,"164":14,"165":4,"166":4,"167":12,"168":12,"169":2,"170":2,"171":2,"172":6,"173":4,"174":4,"175":5,"176":2,"177":71,"178":71,"179":69,"180":67,"181":64,"182":61,"183":59,"184":56,"185":68},"b":{"1":[2,14],"2":[2,12],"3":[1,11],"4":[46,2],"5":[45,1],"6":[1,44],"7":[2,42],"8":[4,0],"9":[4,0],"10":[3,1],"11":[1,3],"12":[1,2],"13":[55,2],"14":[55,0],"15":[2,37],"16":[17,0],"17":[17,0],"18":[16,1],"19":[12,4],"20":[1,15],"21":[14,1],"22":[14,0],"23":[14,0],"24":[1,13],"25":[1,12],"26":[0,12],"27":[0,12],"28":[1,11],"29":[6,4],"30":[4,0],"31":[6,4],"32":[5,5],"33":[6,4],"34":[5,4],"35":[8,0],"36":[8,0],"37":[0,8],"38":[1,7],"39":[0,7],"40":[7,0],"41":[4,3],"42":[1,6],"43":[3,3],"44":[2,1],"45":[2,1],"46":[2,4],"47":[3,1],"48":[3,0],"49":[3,0],"50":[0,3],"51":[0,3],"52":[3,0],"53":[3,0],"54":[1,2],"55":[2,0],"56":[3,0],"57":[3,0],"58":[0,3],"59":[1,2],"60":[0,2],"61":[1,1],"62":[4,0],"63":[4,0],"64":[4,0],"65":[0,4],"66":[1,3],"67":[3,0],"68":[2,1],"69":[2,1],"70":[1,2],"71":[0,2],"72":[2,0],"73":[2,0],"74":[4,0],"75":[0,4],"76":[0,4],"77":[2,2],"78":[4,1],"79":[4,0],"80":[0,4],"81":[2,2],"82":[3,1],"83":[5,0],"84":[5,0],"85":[0,5],"86":[1,4],"87":[4,0],"88":[0,3],"89":[2,1],"90":[0,1],"91":[0,1],"92":[16,1],"93":[2,14],"94":[4,0],"95":[0,4],"96":[12,1],"97":[0,12],"98":[2,0],"99":[0,2],"100":[6,0],"101":[2,4],"102":[5,1],"103":[2,0],"104":[2,69],"105":[2,67],"106":[3,64],"107":[3,61],"108":[2,59],"109":[3,56],"110":[0,56],"111":[2,66],"112":[1,1]},"f":{"1":16,"2":45,"3":4,"4":55,"5":17,"6":14,"7":8,"8":3,"9":3,"10":4,"11":4,"12":4,"13":5,"14":1,"15":9,"16":1,"17":1,"18":0,"19":0,"20":1,"21":3,"22":16,"23":4,"24":12,"25":2,"26":6,"27":5,"28":2,"29":71,"30":68},"fnMap":{"1":{"name":"constructor","line":337,"loc":{"start":{"line":337,"column":4},"end":{"line":351,"column":4}}},"2":{"name":"submitFXRate","line":365,"loc":{"start":{"line":362,"column":4},"end":{"line":377,"column":4}}},"3":{"name":"batchSubmitFXRates","line":387,"loc":{"start":{"line":384,"column":4},"end":{"line":405,"column":4}}},"4":{"name":"createForward","line":426,"loc":{"start":{"line":420,"column":4},"end":{"line":474,"column":4}}},"5":{"name":"createOption","line":503,"loc":{"start":{"line":494,"column":4},"end":{"line":552,"column":4}}},"6":{"name":"settleForward","line":563,"loc":{"start":{"line":563,"column":4},"end":{"line":621,"column":4}}},"7":{"name":"exerciseOption","line":627,"l
[...]
53},"end":{"line":348,"column":53}}]},"26":{"line":350,"type":"if","locations":[{"start":{"line":350,"column":8},"end":{"line":350,"column":8}},{"start":{"line":350,"column":8},"end":{"line":350,"column":8}}]},"27":{"line":351,"type":"if","locations":[{"start":{"line":351,"column":8},"end":{"line":351,"column":8}},{"start":{"line":351,"column":8},"end":{"line":351,"column":8}}]},"28":{"line":352,"type":"if","locations":[{"start":{"line":352,"column":8},"end":{"line":352,"column":8}},{"start":{"line":352,"column":8},"end":{"line":352,"column":8}}]},"29":{"line":364,"type":"if","locations":[{"start":{"line":364,"column":54},"end":{"line":364,"column":54}},{"start":{"line":364,"column":54},"end":{"line":364,"column":54}}]},"30":{"line":366,"type":"if","locations":[{"start":{"line":366,"column":8},"end":{"line":366,"column":8}},{"start":{"line":366,"column":8},"end":{"line":366,"column":8}}]},"31":{"line":367,"type":"if","locations":[{"start":{"line":367,"column":8},"end":{"line":367,"column":8}},{"start":{"line":367,"column":8},"end":{"line":367,"column":8}}]},"32":{"line":368,"type":"if","locations":[{"start":{"line":368,"column":8},"end":{"line":368,"column":8}},{"start":{"line":368,"column":8},"end":{"line":368,"column":8}}]},"33":{"line":384,"type":"if","locations":[{"start":{"line":384,"column":54},"end":{"line":384,"column":54}},{"start":{"line":384,"column":54},"end":{"line":384,"column":54}}]},"34":{"line":384,"type":"if","locations":[{"start":{"line":384,"column":68},"end":{"line":384,"column":68}},{"start":{"line":384,"column":68},"end":{"line":384,"column":68}}]},"35":{"line":386,"type":"if","locations":[{"start":{"line":386,"column":8},"end":{"line":386,"column":8}},{"start":{"line":386,"column":8},"end":{"line":386,"column":8}}]},"36":{"line":387,"type":"if","locations":[{"start":{"line":387,"column":8},"end":{"line":387,"column":8}},{"start":{"line":387,"column":8},"end":{"line":387,"column":8}}]},"37":{"line":387,"type":"cond-expr","locations":[{"start":{"line":387,"column":12},"end":{"line":387,"column":45}},{"start":{"line":387,"column":50},"end":{"line":387,"column":83}}]},"38":{"line":390,"type":"if","locations":[{"start":{"line":390,"column":8},"end":{"line":390,"column":8}},{"start":{"line":390,"column":8},"end":{"line":390,"column":8}}]},"39":{"line":399,"type":"if","locations":[{"start":{"line":399,"column":8},"end":{"line":399,"column":8}},{"start":{"line":399,"column":8},"end":{"line":399,"column":8}}]},"40":{"line":404,"type":"if","locations":[{"start":{"line":404,"column":8},"end":{"line":404,"column":8}},{"start":{"line":404,"column":8},"end":{"line":404,"column":8}}]},"41":{"line":419,"type":"if","locations":[{"start":{"line":419,"column":50},"end":{"line":419,"column":50}},{"start":{"line":419,"column":50},"end":{"line":419,"column":50}}]},"42":{"line":419,"type":"if","locations":[{"start":{"line":419,"column":64},"end":{"line":419,"column":64}},{"start":{"line":419,"column":64},"end":{"line":419,"column":64}}]},"43":{"line":421,"type":"if","locations":[{"start":{"line":421,"column":8},"end":{"line":421,"column":8}},{"start":{"line":421,"column":8},"end":{"line":421,"column":8}}]},"44":{"line":422,"type":"if","locations":[{"start":{"line":422,"column":8},"end":{"line":422,"column":8}},{"start":{"line":422,"column":8},"end":{"line":422,"column":8}}]},"45":{"line":423,"type":"if","locations":[{"start":{"line":423,"column":8},"end":{"line":423,"column":8}},{"start":{"line":423,"column":8},"end":{"line":423,"column":8}}]},"46":{"line":426,"type":"if","locations":[{"start":{"line":426,"column":8},"end":{"line":426,"column":8}},{"start":{"line":426,"column":8},"end":{"line":426,"column":8}}]},"47":{"line":431,"type":"if","locations":[{"start":{"line":431,"column":8},"end":{"line":431,"column":8}},{"start":{"line":431,"column":8},"end":{"line":431,"column":8}}]},"48":{"line":438,"type":"if","locations":[{"start":{"line":438,"column":8},"end":{"line":438,"column":8}},{"start":{"line":438,"column":8},"end":{"line":438,"column":8}}]},"49":{"line":488,"type":"if","locations":[{"start":{"line":488,"column":30},"end":{"line":488,"column":30}},{"start":{"line":488,"column":30},"end":{"line":488,"column":30}}]},"50":{"line":493,"type":"if","locations":[{"start":{"line":493,"column":32},"end":{"line":493,"column":32}},{"start":{"line":493,"column":32},"end":{"line":493,"column":32}}]},"51":{"line":510,"type":"if","locations":[{"start":{"line":510,"column":8},"end":{"line":510,"column":8}},{"start":{"line":510,"column":8},"end":{"line":510,"column":8}}]},"52":{"line":510,"type":"cond-expr","locations":[{"start":{"line":510,"column":12},"end":{"line":510,"column":45}},{"start":{"line":510,"column":50},"end":{"line":510,"column":83}}]},"53":{"line":515,"type":"if","locations":[{"start":{"line":515,"column":8},"end":{"line":515,"column":8}},{"start":{"line":515,"column":8},"end":{"line":515,"column":8}}]},"54":{"line":523,"type":"if","locations":[{"start":{"line":523,"column":8},"end":{"line":523,"column":8}},{"start":{"line":523,"column":8},"end":{"line":523,"column":8}}]},"55":{"line":528,"type":"if","locations":[{"start":{"line":528,"column":12},"end":{"line":528,"column":12}},{"start":{"line":528,"column":12},"end":{"line":528,"column":12}}]},"56":{"line":533,"type":"if","locations":[{"start":{"line":533,"column":46},"end":{"line":533,"column":71}},{"start":{"line":533,"column":75},"end":{"line":533,"column":75}}]},"57":{"line":545,"type":"if","locations":[{"start":{"line":545,"column":8},"end":{"line":545,"column":8}},{"start":{"line":545,"column":8},"end":{"line":545,"column":8}}]},"58":{"line":549,"type":"if","locations":[{"start":{"line":549,"column":8},"end":{"line":549,"column":8}},{"start":{"line":549,"column":8},"end":{"line":549,"column":8}}]},"59":{"line":555,"type":"if","locations":[{"start":{"line":555,"column":8},"end":{"line":555,"column":8}},{"start":{"line":555,"column":8},"end":{"line":555,"column":8}}]},"60":{"line":559,"type":"if","locations":[{"start":{"line":559,"column":54},"end":{"line":559,"column":89}},{"start":{"line":559,"column":93},"end":{"line":559,"column":93}}]}}},"src/TravelRule.sol":{"l":{"193":10,"195":8,"196":8,"198":8,"214":21,"215":18,"217":16,"225":16,"227":16,"235":8,"236":8,"238":5,"239":5,"241":5,"276":37,"277":34,"278":33,"279":30,"281":28,"285":28,"300":28,"301":28,"303":28,"318":16,"319":16,"320":15,"321":1,"324":14,"326":14,"338":4,"339":4,"340":4,"341":1,"344":3,"346":3,"367":11,"368":11,"369":11,"370":1,"373":10,"374":10,"375":10,"377":9,"381":9,"390":9,"392":9,"400":8,"401":8,"402":8,"404":7,"409":6,"410":2,"413":4,"415":4,"428":2,"429":2,"430":2,"439":1,"448":1,"457":8,"466":3,"467":3,"468":3,"477":1,"489":3,"490":2,"491":2,"492":2,"497":3,"502":1},"path":"/Users/rameshtamilselvan/Downloads/aethelred/dApps/noblepay/contracts/src/TravelRule.sol","s":{"1":10,"2":8,"3":8,"4":21,"5":18,"6":16,"7":16,"8":8,"9":8,"10":5,"11":5,"12":37,"13":34,"14":33,"15":30,"16":28,"17":16,"18":16,"19":15,"20":14,"21":4,"22":4,"23":4,"24":3,"25":11,"26":11,"27":11,"28":10,"29":10,"30":10,"31":9,"32":8,"33":8,"34":8,"35":7,"36":6,"37":4,"38":2,"39":2,"40":2,"41":1,"42":1,"43":8,"44":3,"45":3,"46":3,"47":1,"48":3,"49":2,"50":2,"51":3,"52":1},"b":{"1":[2,8],"2":[21,1],"3":[3,18],"4":[16,2],"5":[8,0],"6":[3,5],"7":[38,2],"8":[37,1],"9":[3,34],"10":[1,33],"11":[3,30],"12":[2,28],"13":[16,1],"14":[16,0],"15":[1,15],"16":[1,14],"17":[4,1],"18":[4,0],"19":[0,4],"20":[1,3],"21":[11,1],"22":[11,0],"23":[0,11],"24":[1,10],"25":[0,10],"26":[1,9],"27":[8,1],"28":[8,0],"29":[0,8],"30":[1,7],"31":[6,1],"32":[2,4],"33":[0,2],"34":[0,3],"35":[3,1],"36":[2,1],"37":[3,0],"38":[1,0]},"f":{"1":10,"2":21,"3":8,"4":37,"5":16,"6":4,"7":11,"8":8,"9":2,"10":1,"11":1,"12":8,"13":3,"14":1,"15":3,"16":3,"17":1},"fnMap":{"1":{"name":"constructor","line":192,"loc":{"start":{"line":192,"column":4},"end":{"line":199,"column":4}}},"2":{"name":"registerVASP","line":213,"loc":{"start":{"line":210,"column":4},"end":{"line":228,"column":4}}},"3":{"name":"deactivateVASP","line":234,"loc":{"start":{"line":234,"column":4},"end":{"line":242,"column":4}}},"4":{"name":"submitTravelRuleData","line":275,"loc":{"start":{"line":264,"column":4},"end":{"line":304,"column":4}}},"5":{"name":"verifyTravelRuleCompliance","line":317,"loc":{"start":{"line":315,"column":4},"end":{"line":327,"column":4}}},"6":{"name":"rejectTravelRuleData","line":337,"loc":{"start":{"line":334,"column":4},"end":{"line":347,"column":4}}},"7":{"name":"shareWithReceivingInstitution","line":366,"loc":{"start":{"line":362,"column":4},"end":{"line":393,"column":4}}},"8":{"name":"acknowledgeTravelRuleData","line":399,"loc":{"start":{"line":399,"column":4},"end":{"line":416,"column":4}}},"9":{"name":"getTravelRuleStatus","line":427,"loc":{"start":{"line":427,"column":4},"end":{"line":431,"column":4}}},"10":{"name":"getTravelRuleData","line":438,"loc":{"start":{"line":438,"column":4},"end":{"line":440,"column":4}}},"11":{"name":"getTravelRuleForPayment","line":447,"loc":{"start":{"line":447,"column":4},"end":{"line":449,"column":4}}},"12":{"name":"requiresFullTravelRuleData","line":456,"loc":{"start":{"line":456,"column":4},"end":{"line":458,"column":4}}},"13":{"name":"isRecordExpired","line":465,"loc":{"start":{"line":465,"column":4},"end":{"line":469,"column":4}}},"14":{"name":"getVASPDetails","line":476,"loc":{"start":{"line":476,"column":4},"end":{"line":478,"column":4}}},"15":{"name":"updateThreshold","line":488,"loc":{"start":{"line":488,"column":4},"end":{"line":493,"column":4}}},"16":{"name":"pause","line":496,"loc":{"start":{"line":496,"column":4},"end":{"line":498,"column":4}}},"17":{"name":"unpause","line":501,"loc":{"start":{"line":501,"column":4},"end":{"line":503,"column":4}}}},"statementMap":{"1":{"start":{"line":193,"column":8},"end":{"line":193,"column":54}},"2":{"start":{"line":195,"column":8},"end":{"line":195,"column":45}},"3":{"start":{"line":196,"column":8},"end":{"line":196,"column":37}},"4":{"start":{"line":214,"column":8},"end":{"line":214,"column":79}},"5":{"start":{"line":215,"column":8},"end":{"line":215,"column":76}},"6":{"start":{"line":225,"column":8},"end":{"line":225,"column":40}},"7":{"start":{"line":227,"column":8},"end":{"line":227,"column":57}},"8":{"start":{"line":235,"column":8},"end":{"line":235,"column":37}},"9":{"start":{"line":236,"column":8},"end":{"line":236,"column":54}},"10":{"start":{"line":239,"column":8},"end":{"line":239,"column":36}},"11":{"start":{"line":241,"column":8},"end":{"line":241,"column":35}},"12":{"start":{"line":276,"column":8},"end":{"line":276,"column":66}},"13":{"start":{"line":277,"column":8},"end":{"line":277,"column":67}},"14":{"start":{"line":278,"column":8},"end":{"line":278,"column":45}},"15":{"start":{"line":279,"column":8},"end":{"line":279,"column":87}},"16":{"start":{"line":303,"column":8},"end":{"line":303,"column":102}},"17":{"start":{"line":318,"column":8},"end":{"line":318,"column":72}},"18":{"start":{"line":319,"column":8},"end":{"line":319,"column":58}},"19":{"start":{"line":320,"column":8},"end":{"line":320,"column":13126}},"20":{"start":{"line":326,"column":8},"end":{"line":326,"column":58}},"21":{"start":{"line":338,"column":8},"end":{"line":338,"column":72}},"22":{"start":{"line":339,"column":8},"end":{"line":339,"column":58}},"23":{"start":{"line":340,"column":8},"end":{"line":340,"column":13876}},"24":{"start":{"line":346,"column":8},"end":{"line":346,"column":55}},"25":{"start":{"line":367,"column":8},"end":{"line":367,"column":72}},"26":{"start":{"line":368,"column":8},"end":{"line":368,"column":58}},"27":{"start":{"line":369,"column":8},"end":{"line":369,"column":15122}},"28":{"start":{"line":373,"column":8},"end":{"line":373,"column":58}},"29":{"start":{"line":374,"column":8},"end":{"line":374,"column":64}},"30":{"start":{"line":375,"column":8},"end":{"line":375,"column":55}},"31":{"start":{"line":392,"column":8},"end":{"line":392,"column":73}},"32":{"start":{"line":400,"column":8},"end":{"line":400,"column":66}},"33":{"start":{"line":401,"column":8},"end":{"line":401,"column":59}},"34":{"start":{"line":402,"column":8},"end":{"line":402,"column":62}},"35":{"start":{"line":404,"column":8},"end":{"line":404,"column":16478}},"36":{"start":{"line":409,"column":8},"end":{"line":409,"column":16609}},"37":{"start":{"line":415,"column":8},"end":{"line":415,"column":59}},"38":{"start":{"line":428,"column":8},"end":{"line":428,"column":72}},"39":{"start":{"line":429,"column":8},"end":{"line":429,"column":58}},"40":{"start":{"line":430,"column":8},"end":{"line":430,"column":28}},"41":{"start":{"line":439,"column":8},"end":{"line":439,"column":47}},"42":{"start":{"line":448,"column":8},"end":{"line":448,"column":46}},"43":{"start":{"line":457,"column":8},"end":{"line":457,"column":45}},"44":{"start":{"line":466,"column":8},"end":{"line":466,"column":72}},"45":{"start":{"line":467,"column":8},"end":{"line":467,"column":58}},"46":{"start":{"line":468,"column":8},"end":{"line":468,"column":75}},"47":{"start":{"line":477,"column":8},"end":{"line":477,"column":27}},"48":{"start":{"line":489,"column":8},"end":{"line":489,"column":63}},"49":{"start":{"line":490,"column":8},"end":{"line":490,"column":41}},"50":{"start":{"line":492,"column":8},"end":{"line":492,"column":49}},"51":{"start":{"line":497,"column":8},"end":{"line":497,"column":15}},"52":{"start":{"line":502,"column":8},"end":{"line":502,"column":17}}},"branchMap":{"1":{"line":193,"type":"if","locations":[{"start":{"line":193,"column":8},"end":{"line":193,"column":8}},{"start":{"line":193,"column":8},"end":{"line":193,"column":8}}]},"2":{"line":213,"type":"if","locations":[{"start":{"line":213,"column":15},"end":{"line":213,"column":15}},{"start":{"line":213,"column":15},"end":{"line":213,"column":15}}]},"3":{"line":214,"type":"if","locations":[{"start":{"line":214,"column":8},"end":{"line":214,"column":8}},{"start":{"line":214,"column":8},"end":{"line":214,"column":8}}]},"4":{"line":215,"type":"if","locations":[{"start":{"line":215,"column":8},"end":{"line":215,"column":8}},{"start":{"line":215,"column":8},"end":{"line":215,"column":8}}]},"5":{"line":234,"type":"if","locations":[{"start":{"line":234,"column":52},"end":{"line":234,"column":52}},{"start":{"line":234,"column":52},"end":{"line":234,"column":52}}]},"6":{"line":236,"type":"if","locations":[{"start":{"line":236,"column":8},"end":{"line":236,"column":8}},{"start":{"line":236,"column":8},"end":{"line":236,"column":8}}]},"7":{"line":275,"type":"if","locations":[{"start":{"line":275,"column":15},"end":{"line":275,"column":15}},{"start":{"line":275,"column":15},"end":{"line":275,"column":15}}]},"8":{"line":275,"type":"if","locations":[{"start":{"line":275,"column":39},"end":{"line":275,"column":39}},{"start":{"line":275,"column":39},"end":{"line":275,"column":39}}]},"9":{"line":276,"type":"if","locations":[{"start":{"line":276,"column":8},"end":{"line":276,"column":8}},{"start":{"line":276,"column":8},"end":{"line":276,"column":8}}]},"10":{"line":277,"type":"if","locations":[{"start":{"line":277,"column":8},"end":{"line":277,"column":8}},{"start":{"line":277,"column":8},"end":{"line":277,"column":8}}]},"11":{"line":278,"type":"if","locations":[{"start":{"line":278,"column":8},"end":{"line":278,"column":8}},{"start":{"line":278,"column":8},"end":{"line":278,"column":8}}]},"12":{"line":279,"type":"if","locations":[{"start":{"line":279,"column":8},"end":{"line":279,"column":8}},{"start":{"line":279,"column":8},"end":{"line":279,"column":8}}]},"13":{"line":317,"type":"if","locations":[{"start":{"line":317,"column":15},"end":{"line":317,"column":15}},{"start":{"line":317,"column":15},"end":{"line":317,"column":15}}]},"14":{"line":317,"type":"if","locations":[{"start":{"line":317,"column":39},"end":{"line":317,"column":39}},{"start":{"line":317,"column":39},"end":{"line":317,"column":39}}]},"15":{"line":319,"type":"if","locations":[{"start":{"line":319,"column":8},"end":{"line":319,"column":8}},{"start":{"line":319,"column":8},"end":{"line":319,"column":8}}]},"16":{"line":320,"type":"if","locations":[{"start":{"line":320,"column":8},"end":{"line":320,"column":8}},{"start":{"line":320,"column":8},"end":{"line":320,"column":8}}]},"17":{"line":337,"type":"if","locations":[{"start":{"line":337,"column":15},"end":{"line":337,"column":15}},{"start":{"line":337,"column":15},"end":{"line":337,"column":15}}]},"18":{"line":337,"type":"if","locations":[{"start":{"line":337,"column":39},"end":{"line":337,"column":39}},{"start":{"line":337,"column":39},"end":{"line":337,"column":39}}]},"19":{"line":339,"type":"if","locations":[{"start":{"line":339,"column":8},"end":{"line":339,"column":8}},{"start":{"line":339,"column":8},"end":{"line":339,"column":8}}]},"20":{"line":340,"type":"if","locations":[{"start":{"line":340,"column":8},"end":{"line":340,"column":8}},{"start":{"line":340,"column":8},"end":{"line":340,"column":8}}]},"21":{"line":366,"type":"if","locations":[{"start":{"line":366,"column":15},"end":{"line":366,"column":15}},{"start":{"line":366,"column":15},"end":{"line":366,"column":15}}]},"22":{"line":366,"type":"if","locations":[{"start":{"line":366,"column":35},"end":{"line":366,"column":35}},{"start":{"line":366,"column":35},"end":{"line":366,"column":35}}]},"23":{"line":368,"type":"if","locations":[{"start":{"line":368,"column":8},"end":{"line":368,"column":8}},{"start":{"line":368,"column":8},"end":{"line":368,"column":8}}]},"24":{"line":369,"type":"if","locations":[{"start":{"line":369,"column":8},"end":{"line":369,"column":8}},{"start":{"line":369,"column":8},"end":{"line":369,"column":8}}]},"25":{"line":374,"type":"if","locations":[{"start":{"line":374,"column":8},"end":{"line":374,"column":8}},{"start":{"line":374,"column":8},"end":{"line":374,"column":8}}]},"26":{"line":375,"type":"if","locations":[{"start":{"line":375,"column":8},"end":{"line":375,"column":8}},{"start":{"line":375,"column":8},"end":{"line":375,"column":8}}]},"27":{"line":399,"type":"if","locations":[{"start":{"line":399,"column":68},"end":{"line":399,"column":68}},{"start":{"line":399,"column":68},"end":{"line":399,"column":68}}]},"28":{"line":399,"type":"if","locations":[{"start":{"line":399,"column":88},"end":{"line":399,"column":88}},{"start":{"line":399,"column":88},"end":{"line":399,"column":88}}]},"29":{"line":401,"type":"if","locations":[{"start":{"line":401,"column":8},"end":{"line":401,"column":8}},{"start":{"line":401,"column":8},"end":{"line":401,"column":8}}]},"30":{"line":402,"type":"if","locations":[{"start":{"line":402,"column":8},"end":{"line":402,"column":8}},{"start":{"line":402,"column":8},"end":{"line":402,"column":8}}]},"31":{"line":404,"type":"if","locations":[{"start":{"line":404,"column":8},"end":{"line":404,"column":8}},{"start":{"line":404,"column":8},"end":{"line":404,"column":8}}]},"32":{"line":409,"type":"if","locations":[{"start":{"line":409,"column":8},"end":{"line":409,"column":8}},{"start":{"line":409,"column":8},"end":{"line":409,"column":8}}]},"33":{"line":429,"type":"if","locations":[{"start":{"line":429,"column":8},"end":{"line":429,"column":8}},{"start":{"line":429,"column":8},"end":{"line":429,"column":8}}]},"34":{"line":467,"type":"if","locations":[{"start":{"line":467,"column":8},"end":{"line":467,"column":8}},{"start":{"line":467,"column":8},"end":{"line":467,"column":8}}]},"35":{"line":488,"type":"if","locations":[{"start":{"line":488,"column":61},"end":{"line":488,"column":61}},{"start":{"line":488,"column":61},"end":{"line":488,"column":61}}]},"36":{"line":489,"type":"if","locations":[{"start":{"line":489,"column":8},"end":{"line":489,"column":8}},{"start":{"line":489,"column":8},"end":{"line":489,"column":8}}]},"37":{"line":496,"type":"if","locations":[{"start":{"line":496,"column":30},"end":{"line":496,"column":30}},{"start":{"line":496,"column":30},"end":{"line":496,"column":30}}]},"38":{"line":501,"type":"if","locations":[{"start":{"line":501,"column":32},"end":{"line":501,"column":32}},{"start":{"line":501,"column":32},"end":{"line":501,"column":32}}]}}}}